MPRINT(EM_DIAGRAM):    data _null_;
MPRINT(EM_DIAGRAM):   call symput('NLDATE', strip(put(date(), NLDATE.)));
MPRINT(EM_DIAGRAM):   call symput('NLTIME', strip(put(datetime(), NLTIME.)));
MPRINT(EM_DIAGRAM):   run;
MPRINT(EM_DIAGRAM):   data _null_;
MPRINT(EM_DIAGRAM):   nldate= sasmsg("sashelp.dmine", "log_date_note", 'N', "October 11, 2015" );
MPRINT(EM_DIAGRAM):   nltime= sasmsg("sashelp.dmine", "log_time_note", 'N', "15:06:56" );
MPRINT(EM_DIAGRAM):   put "*------------------------------------------------------------*";
MPRINT(EM_DIAGRAM):   put "* Score Log";
MPRINT(EM_DIAGRAM):   put nldate;
MPRINT(EM_DIAGRAM):   put nltime;
MPRINT(EM_DIAGRAM):   put "*------------------------------------------------------------*";
MPRINT(EM_DIAGRAM):   run;
*------------------------------------------------------------*
* Score Log
Date:                October 11, 2015
Time:                15:06:56
*------------------------------------------------------------*
MPRINT(EM_DIAGRAM):    filename O2E05ZUB "C:\Users\sakerb01\Desktop\SAS EM 12.3 Tutorials _ Projects\Getting Started Charitable Giving Example\Workspaces\EMWS1\Ids2\EMSCORE.out" encoding="UTF-8" NOBOM;
MPRINT(EM_DIAGRAM):   proc printto print=O2E05ZUB new;
MPRINT(EM_DIAGRAM):   run;
21191      *------------------------------------------------------------*;
MPRINT(EM_DIAGRAM):    *------------------------------------------------------------*;
21192      * Ids2: Computing metadata for DATA data;
MPRINT(EM_DIAGRAM):   * Ids2: Computing metadata for DATA data;
21193      *------------------------------------------------------------*;
MPRINT(EM_DIAGRAM):   *------------------------------------------------------------*;

NOTE: View EMWS1.IDS2_DATA.VIEW used (Total process time):
      real time           0.06 seconds
      cpu time            0.06 seconds
      
21194      data EMWS1.Ids2_EMINFO;
MPRINT(EM_DIAGRAM):    data EMWS1.Ids2_EMINFO;
21195      length TARGET KEY $32 DATA $43;
MPRINT(EM_DIAGRAM):   length TARGET KEY $32 DATA $43;
21196      TARGET="";
MPRINT(EM_DIAGRAM):   TARGET="";
21197      KEY="IDSTABLE";
MPRINT(EM_DIAGRAM):   KEY="IDSTABLE";
21198      DATA="DONOR.DONOR_SCORE_DATA";
MPRINT(EM_DIAGRAM):   DATA="DONOR.DONOR_SCORE_DATA";
21199      output;
MPRINT(EM_DIAGRAM):   output;
21200      run;
MPRINT(EM_DIAGRAM):   run;

NOTE: The data set EMWS1.IDS2_EMINFO has 1 observations and 3 variables.
NOTE: DATA statement used (Total process time):
      real time           0.03 seconds
      cpu time            0.00 seconds
      

NOTE: View EMWS1.IDS2_DATA.VIEW used (Total process time):
      real time           0.06 seconds
      cpu time            0.06 seconds
      
21201      data EMWS1.Ids2_CMeta_DATA;
MPRINT(EM_DIAGRAM):    data EMWS1.Ids2_CMeta_DATA;
21202      set EMWS1.Ids2_VariableSet;
MPRINT(EM_DIAGRAM):   set EMWS1.Ids2_VariableSet;
21203      drop DROP;
MPRINT(EM_DIAGRAM):   drop DROP;
21204      where DROP='N';
MPRINT(EM_DIAGRAM):   where DROP='N';
21205      run;
MPRINT(EM_DIAGRAM):   run;

NOTE: There were 48 observations read from the data set EMWS1.IDS2_VARIABLESET.
      WHERE DROP='N';
NOTE: The data set EMWS1.IDS2_CMETA_DATA has 48 observations and 20 variables.
NOTE: DATA statement used (Total process time):
      real time           0.03 seconds
      cpu time            0.03 seconds
      

MPRINT(EM_DIAGRAM):    proc printto;
MPRINT(EM_DIAGRAM):   run;
