MPRINT(EM_DIAGRAM):    data _null_;
MPRINT(EM_DIAGRAM):   call symput('NLDATE', strip(put(date(), NLDATE.)));
MPRINT(EM_DIAGRAM):   call symput('NLTIME', strip(put(datetime(), NLTIME.)));
MPRINT(EM_DIAGRAM):   run;
MPRINT(EM_DIAGRAM):   data _null_;
MPRINT(EM_DIAGRAM):   nldate= sasmsg("sashelp.dmine", "log_date_note", 'N', "October 08, 2015" );
MPRINT(EM_DIAGRAM):   nltime= sasmsg("sashelp.dmine", "log_time_note", 'N', "13:53:20" );
MPRINT(EM_DIAGRAM):   put "*------------------------------------------------------------*";
MPRINT(EM_DIAGRAM):   put "* Score Log";
MPRINT(EM_DIAGRAM):   put nldate;
MPRINT(EM_DIAGRAM):   put nltime;
MPRINT(EM_DIAGRAM):   put "*------------------------------------------------------------*";
MPRINT(EM_DIAGRAM):   run;
*------------------------------------------------------------*
* Score Log
Date:                October 08, 2015
Time:                13:53:20
*------------------------------------------------------------*
MPRINT(EM_DIAGRAM):    filename O2JP_YYT "C:\Users\sakerb01\Desktop\SAS EM 12.3 Tutorials _ Projects\Getting Started Charitable Giving Example\Workspaces\EMWS1\Ids\EMSCORE.out" encoding="UTF-8" NOBOM;
MPRINT(EM_DIAGRAM):   proc printto print=O2JP_YYT new;
MPRINT(EM_DIAGRAM):   run;
17448      *------------------------------------------------------------*;
MPRINT(EM_DIAGRAM):    *------------------------------------------------------------*;
17449      * Ids: Computing metadata for DATA data;
MPRINT(EM_DIAGRAM):   * Ids: Computing metadata for DATA data;
17450      *------------------------------------------------------------*;
MPRINT(EM_DIAGRAM):   *------------------------------------------------------------*;

NOTE: View EMWS1.IDS_DATA.VIEW used (Total process time):
      real time           0.12 seconds
      cpu time            0.06 seconds
      
17451      data EMWS1.Ids_EMINFO;
MPRINT(EM_DIAGRAM):    data EMWS1.Ids_EMINFO;
17452      length TARGET KEY $32 DATA $43;
MPRINT(EM_DIAGRAM):   length TARGET KEY $32 DATA $43;
17453      TARGET="";
MPRINT(EM_DIAGRAM):   TARGET="";
17454      KEY="IDSTABLE";
MPRINT(EM_DIAGRAM):   KEY="IDSTABLE";
17455      DATA="DONOR.DONOR_RAW_DATA";
MPRINT(EM_DIAGRAM):   DATA="DONOR.DONOR_RAW_DATA";
17456      output;
MPRINT(EM_DIAGRAM):   output;
17457      TARGET="TARGET_B";
MPRINT(EM_DIAGRAM):   TARGET="TARGET_B";
17458      KEY="DECDATA";
MPRINT(EM_DIAGRAM):   KEY="DECDATA";
17459      DATA="EMWS1.Ids_TARGET_B_DD";
MPRINT(EM_DIAGRAM):   DATA="EMWS1.Ids_TARGET_B_DD";
17460      output;
MPRINT(EM_DIAGRAM):   output;
17461      TARGET="TARGET_B";
MPRINT(EM_DIAGRAM):   TARGET="TARGET_B";
17462      KEY="DECMETA";
MPRINT(EM_DIAGRAM):   KEY="DECMETA";
17463      DATA="EMWS1.Ids_TARGET_B_DM";
MPRINT(EM_DIAGRAM):   DATA="EMWS1.Ids_TARGET_B_DM";
17464      output;
MPRINT(EM_DIAGRAM):   output;
17465      TARGET="";
MPRINT(EM_DIAGRAM):   TARGET="";
17466      KEY="STATS";
MPRINT(EM_DIAGRAM):   KEY="STATS";
17467      DATA="EMWS1.Ids_EMSTATDEFAULT";
MPRINT(EM_DIAGRAM):   DATA="EMWS1.Ids_EMSTATDEFAULT";
17468      output;
MPRINT(EM_DIAGRAM):   output;
17469      run;
MPRINT(EM_DIAGRAM):   run;

NOTE: The data set EMWS1.IDS_EMINFO has 4 observations and 3 variables.
NOTE: DATA statement used (Total process time):
      real time           0.03 seconds
      cpu time            0.01 seconds
      

NOTE: View EMWS1.IDS_DATA.VIEW used (Total process time):
      real time           0.04 seconds
      cpu time            0.04 seconds
      
17470      data EMWS1.Ids_CMeta_DATA;
MPRINT(EM_DIAGRAM):    data EMWS1.Ids_CMeta_DATA;
17471      set EMWS1.Ids_VariableSet;
MPRINT(EM_DIAGRAM):   set EMWS1.Ids_VariableSet;
17472      drop DROP;
MPRINT(EM_DIAGRAM):   drop DROP;
17473      where DROP='N';
MPRINT(EM_DIAGRAM):   where DROP='N';
17474      run;
MPRINT(EM_DIAGRAM):   run;

NOTE: There were 50 observations read from the data set EMWS1.IDS_VARIABLESET.
      WHERE DROP='N';
NOTE: The data set EMWS1.IDS_CMETA_DATA has 50 observations and 20 variables.
NOTE: DATA statement used (Total process time):
      real time           0.03 seconds
      cpu time            0.03 seconds
      

MPRINT(EM_DIAGRAM):    proc printto;
MPRINT(EM_DIAGRAM):   run;
