MPRINT(EM_DIAGRAM):    data _null_;
MPRINT(EM_DIAGRAM):   call symput('NLDATE', strip(put(date(), NLDATE.)));
MPRINT(EM_DIAGRAM):   call symput('NLTIME', strip(put(datetime(), NLTIME.)));
MPRINT(EM_DIAGRAM):   run;
MPRINT(EM_DIAGRAM):   data _null_;
MPRINT(EM_DIAGRAM):   nldate= sasmsg("sashelp.dmine", "log_date_note", 'N', "October 11, 2015" );
MPRINT(EM_DIAGRAM):   nltime= sasmsg("sashelp.dmine", "log_time_note", 'N', "14:43:03" );
MPRINT(EM_DIAGRAM):   put "*------------------------------------------------------------*";
MPRINT(EM_DIAGRAM):   put "* Report Log";
MPRINT(EM_DIAGRAM):   put nldate;
MPRINT(EM_DIAGRAM):   put nltime;
MPRINT(EM_DIAGRAM):   put "*------------------------------------------------------------*";
MPRINT(EM_DIAGRAM):   run;
*------------------------------------------------------------*
* Report Log
Date:                October 11, 2015
Time:                14:43:03
*------------------------------------------------------------*
MPRINT(EM_DIAGRAM):    filename O1CW2_85 "C:\Users\sakerb01\Desktop\SAS EM 12.3 Tutorials _ Projects\Getting Started Charitable Giving Example\Workspaces\EMWS1\Trans\EMREPORT.out" encoding="UTF-8" NOBOM;
MPRINT(EM_DIAGRAM):   proc printto print=O1CW2_85 new;
MPRINT(EM_DIAGRAM):   run;
22605      *------------------------------------------------------------*;
MPRINT(EM_DIAGRAM):    *------------------------------------------------------------*;
22606      * &msgString;
MPRINT(EM_DIAGRAM):   * &msgString;
22607      *------------------------------------------------------------*;
MPRINT(EM_DIAGRAM):   *------------------------------------------------------------*;
22608      filename _flowref "C:\Users\sakerb01\Desktop\SAS EM 12.3 Tutorials _ Projects\Getting Started Charitable Giving Example\Workspaces\EMWS1\Trans\EMFLOWSCORE.sas";
MPRINT(EM_DIAGRAM):   filename _flowref "C:\Users\sakerb01\Desktop\SAS EM 12.3 Tutorials _ Projects\Getting Started Charitable Giving Example\Workspaces\EMWS1\Trans\EMFLOWSCORE.sas";
22609      proc FCMP NOEXECUTE IMPUTEDDEPS OUTDEPS=WORK.TRANS_SCOREINPUTS;
MPRINT(EM_DIAGRAM):   proc FCMP NOEXECUTE IMPUTEDDEPS OUTDEPS=WORK.TRANS_SCOREINPUTS;
22610      %INCLUDE _flowref;
NOTE: %INCLUDE (level 1) file _FLOWREF is file C:\Users\sakerb01\Desktop\SAS EM 12.3 Tutorials _ Projects\Getting Started Charitable Giving Example\Workspaces\EMWS1\Trans\EMFLOWSCORE.sas.
22611     +*------------------------------------------------------------*;
MPRINT(EM_DIAGRAM):   *------------------------------------------------------------*;
22612     +* Computed Code;
MPRINT(EM_DIAGRAM):   * Computed Code;
22613     +*------------------------------------------------------------*;
MPRINT(EM_DIAGRAM):   *------------------------------------------------------------*;
22614     +*------------------------------------------------------------*;
MPRINT(EM_DIAGRAM):   *------------------------------------------------------------*;
22615     +* TRANSFORM: FILE_AVG_GIFT , log10(FILE_AVG_GIFT + 1);
MPRINT(EM_DIAGRAM):   * TRANSFORM: FILE_AVG_GIFT , log10(FILE_AVG_GIFT + 1);
22616     +*------------------------------------------------------------*;
MPRINT(EM_DIAGRAM):   *------------------------------------------------------------*;
22617     +label LG10_FILE_AVG_GIFT = 'Transformed FILE_AVG_GIFT';
MPRINT(EM_DIAGRAM):   label LG10_FILE_AVG_GIFT = 'Transformed FILE_AVG_GIFT';
22618     +if FILE_AVG_GIFT eq . then LG10_FILE_AVG_GIFT = .;
MPRINT(EM_DIAGRAM):   if FILE_AVG_GIFT eq . then LG10_FILE_AVG_GIFT = .;
22619     +else do;
MPRINT(EM_DIAGRAM):   else do;
22620     +if FILE_AVG_GIFT + 1 > 0 then LG10_FILE_AVG_GIFT = log10(FILE_AVG_GIFT + 1);
MPRINT(EM_DIAGRAM):   if FILE_AVG_GIFT + 1 > 0 then LG10_FILE_AVG_GIFT = log10(FILE_AVG_GIFT + 1);
22621     +else LG10_FILE_AVG_GIFT = .;
MPRINT(EM_DIAGRAM):   else LG10_FILE_AVG_GIFT = .;
22622     +end;
MPRINT(EM_DIAGRAM):   end;
22623     +*------------------------------------------------------------*;
MPRINT(EM_DIAGRAM):   *------------------------------------------------------------*;
22624     +* TRANSFORM: LAST_GIFT_AMT , log10(LAST_GIFT_AMT + 1);
MPRINT(EM_DIAGRAM):   * TRANSFORM: LAST_GIFT_AMT , log10(LAST_GIFT_AMT + 1);
22625     +*------------------------------------------------------------*;
MPRINT(EM_DIAGRAM):   *------------------------------------------------------------*;
22626     +label LG10_LAST_GIFT_AMT = 'Transformed LAST_GIFT_AMT';
MPRINT(EM_DIAGRAM):   label LG10_LAST_GIFT_AMT = 'Transformed LAST_GIFT_AMT';
22627     +if LAST_GIFT_AMT eq . then LG10_LAST_GIFT_AMT = .;
MPRINT(EM_DIAGRAM):   if LAST_GIFT_AMT eq . then LG10_LAST_GIFT_AMT = .;
22628     +else do;
MPRINT(EM_DIAGRAM):   else do;
22629     +if LAST_GIFT_AMT + 1 > 0 then LG10_LAST_GIFT_AMT = log10(LAST_GIFT_AMT + 1);
MPRINT(EM_DIAGRAM):   if LAST_GIFT_AMT + 1 > 0 then LG10_LAST_GIFT_AMT = log10(LAST_GIFT_AMT + 1);
22630     +else LG10_LAST_GIFT_AMT = .;
MPRINT(EM_DIAGRAM):   else LG10_LAST_GIFT_AMT = .;
22631     +end;
MPRINT(EM_DIAGRAM):   end;
22632     +*------------------------------------------------------------*;
MPRINT(EM_DIAGRAM):   *------------------------------------------------------------*;
22633     +* TRANSFORM: LIFETIME_AVG_GIFT_AMT , log10(LIFETIME_AVG_GIFT_AMT + 1);
MPRINT(EM_DIAGRAM):   * TRANSFORM: LIFETIME_AVG_GIFT_AMT , log10(LIFETIME_AVG_GIFT_AMT + 1);
22634     +*------------------------------------------------------------*;
MPRINT(EM_DIAGRAM):   *------------------------------------------------------------*;
22635     +label LG10_LIFETIME_AVG_GIFT_AMT = 'Transformed LIFETIME_AVG_GIFT_AMT';
MPRINT(EM_DIAGRAM):   label LG10_LIFETIME_AVG_GIFT_AMT = 'Transformed LIFETIME_AVG_GIFT_AMT';
22636     +if LIFETIME_AVG_GIFT_AMT eq . then LG10_LIFETIME_AVG_GIFT_AMT = .;
MPRINT(EM_DIAGRAM):   if LIFETIME_AVG_GIFT_AMT eq . then LG10_LIFETIME_AVG_GIFT_AMT = .;
22637     +else do;
MPRINT(EM_DIAGRAM):   else do;
22638     +if LIFETIME_AVG_GIFT_AMT + 1 > 0 then LG10_LIFETIME_AVG_GIFT_AMT = log10(LIFETIME_AVG_GIFT_AMT + 1);
MPRINT(EM_DIAGRAM):   if LIFETIME_AVG_GIFT_AMT + 1 > 0 then LG10_LIFETIME_AVG_GIFT_AMT = log10(LIFETIME_AVG_GIFT_AMT + 1);
22639     +else LG10_LIFETIME_AVG_GIFT_AMT = .;
MPRINT(EM_DIAGRAM):   else LG10_LIFETIME_AVG_GIFT_AMT = .;
22640     +end;
MPRINT(EM_DIAGRAM):   end;
22641     +*------------------------------------------------------------*;
MPRINT(EM_DIAGRAM):   *------------------------------------------------------------*;
22642     +* TRANSFORM: LIFETIME_GIFT_AMOUNT , log10(LIFETIME_GIFT_AMOUNT + 1);
MPRINT(EM_DIAGRAM):   * TRANSFORM: LIFETIME_GIFT_AMOUNT , log10(LIFETIME_GIFT_AMOUNT + 1);
22643     +*------------------------------------------------------------*;
MPRINT(EM_DIAGRAM):   *------------------------------------------------------------*;
22644     +label LG10_LIFETIME_GIFT_AMOUNT = 'Transformed LIFETIME_GIFT_AMOUNT';
MPRINT(EM_DIAGRAM):   label LG10_LIFETIME_GIFT_AMOUNT = 'Transformed LIFETIME_GIFT_AMOUNT';
22645     +if LIFETIME_GIFT_AMOUNT eq . then LG10_LIFETIME_GIFT_AMOUNT = .;
MPRINT(EM_DIAGRAM):   if LIFETIME_GIFT_AMOUNT eq . then LG10_LIFETIME_GIFT_AMOUNT = .;
22646     +else do;
MPRINT(EM_DIAGRAM):   else do;
22647     +if LIFETIME_GIFT_AMOUNT + 1 > 0 then LG10_LIFETIME_GIFT_AMOUNT = log10(LIFETIME_GIFT_AMOUNT + 1);
MPRINT(EM_DIAGRAM):   if LIFETIME_GIFT_AMOUNT + 1 > 0 then LG10_LIFETIME_GIFT_AMOUNT = log10(LIFETIME_GIFT_AMOUNT + 1);
22648     +else LG10_LIFETIME_GIFT_AMOUNT = .;
MPRINT(EM_DIAGRAM):   else LG10_LIFETIME_GIFT_AMOUNT = .;
22649     +end;
MPRINT(EM_DIAGRAM):   end;
22650     +*------------------------------------------------------------*;
MPRINT(EM_DIAGRAM):   *------------------------------------------------------------*;
22651     +* TRANSFORM: LIFETIME_CARD_PROM , Optimal Binning(4);
MPRINT(EM_DIAGRAM):   * TRANSFORM: LIFETIME_CARD_PROM , Optimal Binning(4);
22652     +*------------------------------------------------------------*;
MPRINT(EM_DIAGRAM):   *------------------------------------------------------------*;
22653     +label OPT_LIFETIME_CARD_PROM = 'Transformed LIFETIME_CARD_PROM';
MPRINT(EM_DIAGRAM):   label OPT_LIFETIME_CARD_PROM = 'Transformed LIFETIME_CARD_PROM';
22654     +length OPT_LIFETIME_CARD_PROM $36;
MPRINT(EM_DIAGRAM):   length OPT_LIFETIME_CARD_PROM $36;
22655     +if (LIFETIME_CARD_PROM eq .) then OPT_LIFETIME_CARD_PROM="03:12.5-39.5, MISSING";
MPRINT(EM_DIAGRAM):   if (LIFETIME_CARD_PROM eq .) then OPT_LIFETIME_CARD_PROM="03:12.5-39.5, MISSING";
22656     +else
22657     +if (LIFETIME_CARD_PROM < 7.5) then
22658     +OPT_LIFETIME_CARD_PROM = "01:low-7.5";
MPRINT(EM_DIAGRAM):   else if (LIFETIME_CARD_PROM < 7.5) then OPT_LIFETIME_CARD_PROM = "01:low-7.5";
22659     +else
22660     +if (LIFETIME_CARD_PROM >= 7.5 and LIFETIME_CARD_PROM < 12.5) then
22661     +OPT_LIFETIME_CARD_PROM = "02:7.5-12.5";
MPRINT(EM_DIAGRAM):   else if (LIFETIME_CARD_PROM >= 7.5 and LIFETIME_CARD_PROM < 12.5) then OPT_LIFETIME_CARD_PROM = "02:7.5-12.5";
22662     +else
22663     +if (LIFETIME_CARD_PROM >= 12.5 and LIFETIME_CARD_PROM < 39.5) then
22664     +OPT_LIFETIME_CARD_PROM = "03:12.5-39.5, MISSING";
MPRINT(EM_DIAGRAM):   else if (LIFETIME_CARD_PROM >= 12.5 and LIFETIME_CARD_PROM < 39.5) then OPT_LIFETIME_CARD_PROM = "03:12.5-39.5, MISSING";
22665     +else
22666     +if (LIFETIME_CARD_PROM >= 39.5) then
22667     +OPT_LIFETIME_CARD_PROM = "04:39.5-high";
MPRINT(EM_DIAGRAM):   else if (LIFETIME_CARD_PROM >= 39.5) then OPT_LIFETIME_CARD_PROM = "04:39.5-high";
22668     +*------------------------------------------------------------*;
MPRINT(EM_DIAGRAM):   *------------------------------------------------------------*;
22669     +* TRANSFORM: LIFETIME_GIFT_COUNT , Optimal Binning(4);
MPRINT(EM_DIAGRAM):   * TRANSFORM: LIFETIME_GIFT_COUNT , Optimal Binning(4);
22670     +*------------------------------------------------------------*;
MPRINT(EM_DIAGRAM):   *------------------------------------------------------------*;
22671     +label OPT_LIFETIME_GIFT_COUNT = 'Transformed LIFETIME_GIFT_COUNT';
MPRINT(EM_DIAGRAM):   label OPT_LIFETIME_GIFT_COUNT = 'Transformed LIFETIME_GIFT_COUNT';
22672     +length OPT_LIFETIME_GIFT_COUNT $36;
MPRINT(EM_DIAGRAM):   length OPT_LIFETIME_GIFT_COUNT $36;
22673     +if (LIFETIME_GIFT_COUNT eq .) then OPT_LIFETIME_GIFT_COUNT="02:4.5-13.5, MISSING";
MPRINT(EM_DIAGRAM):   if (LIFETIME_GIFT_COUNT eq .) then OPT_LIFETIME_GIFT_COUNT="02:4.5-13.5, MISSING";
22674     +else
22675     +if (LIFETIME_GIFT_COUNT < 4.5) then
22676     +OPT_LIFETIME_GIFT_COUNT = "01:low-4.5";
MPRINT(EM_DIAGRAM):   else if (LIFETIME_GIFT_COUNT < 4.5) then OPT_LIFETIME_GIFT_COUNT = "01:low-4.5";
22677     +else
22678     +if (LIFETIME_GIFT_COUNT >= 4.5 and LIFETIME_GIFT_COUNT < 13.5) then
22679     +OPT_LIFETIME_GIFT_COUNT = "02:4.5-13.5, MISSING";
MPRINT(EM_DIAGRAM):   else if (LIFETIME_GIFT_COUNT >= 4.5 and LIFETIME_GIFT_COUNT < 13.5) then OPT_LIFETIME_GIFT_COUNT = "02:4.5-13.5, MISSING";
22680     +else
22681     +if (LIFETIME_GIFT_COUNT >= 13.5) then
22682     +OPT_LIFETIME_GIFT_COUNT = "03:13.5-high";
MPRINT(EM_DIAGRAM):   else if (LIFETIME_GIFT_COUNT >= 13.5) then OPT_LIFETIME_GIFT_COUNT = "03:13.5-high";
22683     +*------------------------------------------------------------*;
MPRINT(EM_DIAGRAM):   *------------------------------------------------------------*;
22684     +* TRANSFORM: MEDIAN_HOME_VALUE , Optimal Binning(4);
MPRINT(EM_DIAGRAM):   * TRANSFORM: MEDIAN_HOME_VALUE , Optimal Binning(4);
22685     +*------------------------------------------------------------*;
MPRINT(EM_DIAGRAM):   *------------------------------------------------------------*;
22686     +label OPT_MEDIAN_HOME_VALUE = 'Transformed MEDIAN_HOME_VALUE';
MPRINT(EM_DIAGRAM):   label OPT_MEDIAN_HOME_VALUE = 'Transformed MEDIAN_HOME_VALUE';
22687     +length OPT_MEDIAN_HOME_VALUE $36;
MPRINT(EM_DIAGRAM):   length OPT_MEDIAN_HOME_VALUE $36;
22688     +if (MEDIAN_HOME_VALUE eq .) then OPT_MEDIAN_HOME_VALUE="02:676.5-high, MISSING";
MPRINT(EM_DIAGRAM):   if (MEDIAN_HOME_VALUE eq .) then OPT_MEDIAN_HOME_VALUE="02:676.5-high, MISSING";
22689     +else
22690     +if (MEDIAN_HOME_VALUE < 676.5) then
22691     +OPT_MEDIAN_HOME_VALUE = "01:low-676.5";
MPRINT(EM_DIAGRAM):   else if (MEDIAN_HOME_VALUE < 676.5) then OPT_MEDIAN_HOME_VALUE = "01:low-676.5";
22692     +else
22693     +if (MEDIAN_HOME_VALUE >= 676.5) then
22694     +OPT_MEDIAN_HOME_VALUE = "02:676.5-high, MISSING";
MPRINT(EM_DIAGRAM):   else if (MEDIAN_HOME_VALUE >= 676.5) then OPT_MEDIAN_HOME_VALUE = "02:676.5-high, MISSING";
22695     +*------------------------------------------------------------*;
MPRINT(EM_DIAGRAM):   *------------------------------------------------------------*;
22696     +* TRANSFORM: MEDIAN_HOUSEHOLD_INCOME , Optimal Binning(4);
MPRINT(EM_DIAGRAM):   * TRANSFORM: MEDIAN_HOUSEHOLD_INCOME , Optimal Binning(4);
22697     +*------------------------------------------------------------*;
MPRINT(EM_DIAGRAM):   *------------------------------------------------------------*;
22698     +label OPT_MEDIAN_HOUSEHOLD_INCOME = 'Transformed MEDIAN_HOUSEHOLD_INCOME';
MPRINT(EM_DIAGRAM):   label OPT_MEDIAN_HOUSEHOLD_INCOME = 'Transformed MEDIAN_HOUSEHOLD_INCOME';
22699     +length OPT_MEDIAN_HOUSEHOLD_INCOME $36;
MPRINT(EM_DIAGRAM):   length OPT_MEDIAN_HOUSEHOLD_INCOME $36;
22700     +if (MEDIAN_HOUSEHOLD_INCOME eq .) then OPT_MEDIAN_HOUSEHOLD_INCOME="01:low-624.5, MISSING";
MPRINT(EM_DIAGRAM):   if (MEDIAN_HOUSEHOLD_INCOME eq .) then OPT_MEDIAN_HOUSEHOLD_INCOME="01:low-624.5, MISSING";
22701     +else
22702     +if (MEDIAN_HOUSEHOLD_INCOME < 624.5) then
22703     +OPT_MEDIAN_HOUSEHOLD_INCOME = "01:low-624.5, MISSING";
MPRINT(EM_DIAGRAM):   else if (MEDIAN_HOUSEHOLD_INCOME < 624.5) then OPT_MEDIAN_HOUSEHOLD_INCOME = "01:low-624.5, MISSING";
22704     +else
22705     +if (MEDIAN_HOUSEHOLD_INCOME >= 624.5) then
22706     +OPT_MEDIAN_HOUSEHOLD_INCOME = "02:624.5-high";
MPRINT(EM_DIAGRAM):   else if (MEDIAN_HOUSEHOLD_INCOME >= 624.5) then OPT_MEDIAN_HOUSEHOLD_INCOME = "02:624.5-high";
22707     +*------------------------------------------------------------*;
MPRINT(EM_DIAGRAM):   *------------------------------------------------------------*;
22708     +* TRANSFORM: PER_CAPITA_INCOME , Optimal Binning(4);
MPRINT(EM_DIAGRAM):   * TRANSFORM: PER_CAPITA_INCOME , Optimal Binning(4);
22709     +*------------------------------------------------------------*;
MPRINT(EM_DIAGRAM):   *------------------------------------------------------------*;
22710     +label OPT_PER_CAPITA_INCOME = 'Transformed PER_CAPITA_INCOME';
MPRINT(EM_DIAGRAM):   label OPT_PER_CAPITA_INCOME = 'Transformed PER_CAPITA_INCOME';
22711     +length OPT_PER_CAPITA_INCOME $36;
MPRINT(EM_DIAGRAM):   length OPT_PER_CAPITA_INCOME $36;
22712     +if (PER_CAPITA_INCOME eq .) then OPT_PER_CAPITA_INCOME="01:low-14976, MISSING";
MPRINT(EM_DIAGRAM):   if (PER_CAPITA_INCOME eq .) then OPT_PER_CAPITA_INCOME="01:low-14976, MISSING";
22713     +else
22714     +if (PER_CAPITA_INCOME < 14976) then
22715     +OPT_PER_CAPITA_INCOME = "01:low-14976, MISSING";
MPRINT(EM_DIAGRAM):   else if (PER_CAPITA_INCOME < 14976) then OPT_PER_CAPITA_INCOME = "01:low-14976, MISSING";
22716     +else
22717     +if (PER_CAPITA_INCOME >= 14976) then
22718     +OPT_PER_CAPITA_INCOME = "02:14976-high";
MPRINT(EM_DIAGRAM):   else if (PER_CAPITA_INCOME >= 14976) then OPT_PER_CAPITA_INCOME = "02:14976-high";
22719     +*------------------------------------------------------------*;
MPRINT(EM_DIAGRAM):   *------------------------------------------------------------*;
22720     +* TRANSFORM: RECENT_RESPONSE_PROP , Optimal Binning(4);
MPRINT(EM_DIAGRAM):   * TRANSFORM: RECENT_RESPONSE_PROP , Optimal Binning(4);
22721     +*------------------------------------------------------------*;
MPRINT(EM_DIAGRAM):   *------------------------------------------------------------*;
22722     +label OPT_RECENT_RESPONSE_PROP = 'Transformed RECENT_RESPONSE_PROP';
MPRINT(EM_DIAGRAM):   label OPT_RECENT_RESPONSE_PROP = 'Transformed RECENT_RESPONSE_PROP';
22723     +length OPT_RECENT_RESPONSE_PROP $36;
MPRINT(EM_DIAGRAM):   length OPT_RECENT_RESPONSE_PROP $36;
22724     +if (RECENT_RESPONSE_PROP eq .) then OPT_RECENT_RESPONSE_PROP="01:low-0.2125, MISSING";
MPRINT(EM_DIAGRAM):   if (RECENT_RESPONSE_PROP eq .) then OPT_RECENT_RESPONSE_PROP="01:low-0.2125, MISSING";
22725     +else
22726     +if (RECENT_RESPONSE_PROP < 0.2125) then
22727     +OPT_RECENT_RESPONSE_PROP = "01:low-0.2125, MISSING";
MPRINT(EM_DIAGRAM):   else if (RECENT_RESPONSE_PROP < 0.2125) then OPT_RECENT_RESPONSE_PROP = "01:low-0.2125, MISSING";
22728     +else
22729     +if (RECENT_RESPONSE_PROP >= 0.2125) then
22730     +OPT_RECENT_RESPONSE_PROP = "02:0.2125-high";
MPRINT(EM_DIAGRAM):   else if (RECENT_RESPONSE_PROP >= 0.2125) then OPT_RECENT_RESPONSE_PROP = "02:0.2125-high";
22731     +*------------------------------------------------------------*;
MPRINT(EM_DIAGRAM):   *------------------------------------------------------------*;
22732     +* TRANSFORM: RECENT_STAR_STATUS , Optimal Binning(4);
MPRINT(EM_DIAGRAM):   * TRANSFORM: RECENT_STAR_STATUS , Optimal Binning(4);
22733     +*------------------------------------------------------------*;
MPRINT(EM_DIAGRAM):   *------------------------------------------------------------*;
22734     +label OPT_RECENT_STAR_STATUS = 'Transformed RECENT_STAR_STATUS';
MPRINT(EM_DIAGRAM):   label OPT_RECENT_STAR_STATUS = 'Transformed RECENT_STAR_STATUS';
22735     +length OPT_RECENT_STAR_STATUS $36;
MPRINT(EM_DIAGRAM):   length OPT_RECENT_STAR_STATUS $36;
22736     +if (RECENT_STAR_STATUS eq .) then OPT_RECENT_STAR_STATUS="01:low-0.5, MISSING";
MPRINT(EM_DIAGRAM):   if (RECENT_STAR_STATUS eq .) then OPT_RECENT_STAR_STATUS="01:low-0.5, MISSING";
22737     +else
22738     +if (RECENT_STAR_STATUS < 0.5) then
22739     +OPT_RECENT_STAR_STATUS = "01:low-0.5, MISSING";
MPRINT(EM_DIAGRAM):   else if (RECENT_STAR_STATUS < 0.5) then OPT_RECENT_STAR_STATUS = "01:low-0.5, MISSING";
22740     +else
22741     +if (RECENT_STAR_STATUS >= 0.5 and RECENT_STAR_STATUS < 1.5) then
22742     +OPT_RECENT_STAR_STATUS = "02:0.5-1.5";
MPRINT(EM_DIAGRAM):   else if (RECENT_STAR_STATUS >= 0.5 and RECENT_STAR_STATUS < 1.5) then OPT_RECENT_STAR_STATUS = "02:0.5-1.5";
22743     +else
22744     +if (RECENT_STAR_STATUS >= 1.5) then
22745     +OPT_RECENT_STAR_STATUS = "03:1.5-high";
MPRINT(EM_DIAGRAM):   else if (RECENT_STAR_STATUS >= 1.5) then OPT_RECENT_STAR_STATUS = "03:1.5-high";
NOTE: %INCLUDE (level 1) ending.
MPRINT(EM_DIAGRAM):   run;
22746      run;

NOTE: Dependency structure written to data set WORK.TRANS_SCOREINPUTS.
NOTE: PROCEDURE FCMP used (Total process time):
      real time           0.28 seconds
      cpu time            0.09 seconds
      

MPRINT(EM_DIAGRAM):   quit;
22747      quit;
22748      data WORK.TRANS_SCOREINPUTS;
MPRINT(EM_DIAGRAM):   data WORK.TRANS_SCOREINPUTS;
22749      set WORK.TRANS_SCOREINPUTS(keep=RHS rename=(RHS=NAME));
MPRINT(EM_DIAGRAM):   set WORK.TRANS_SCOREINPUTS(keep=RHS rename=(RHS=NAME));
22750      length UNAME $32;
MPRINT(EM_DIAGRAM):   length UNAME $32;
22751      UNAME = upcase(NAME);
MPRINT(EM_DIAGRAM):   UNAME = upcase(NAME);
22752      run;
MPRINT(EM_DIAGRAM):   run;

NOTE: There were 11 observations read from the data set WORK.TRANS_SCOREINPUTS.
NOTE: The data set WORK.TRANS_SCOREINPUTS has 11 observations and 2 variables.
NOTE: DATA statement used (Total process time):
      real time           0.01 seconds
      cpu time            0.01 seconds
      

22753      proc sort data=WORK.TRANS_SCOREINPUTS NODUPKEY;
MPRINT(EM_DIAGRAM):   proc sort data=WORK.TRANS_SCOREINPUTS NODUPKEY;
22754      by UNAME;
MPRINT(EM_DIAGRAM):   by UNAME;
22755      run;
MPRINT(EM_DIAGRAM):   run;

NOTE: There were 11 observations read from the data set WORK.TRANS_SCOREINPUTS.
NOTE: 0 observations with duplicate key values were deleted.
NOTE: The data set WORK.TRANS_SCOREINPUTS has 11 observations and 2 variables.
NOTE: PROCEDURE SORT used (Total process time):
      real time           0.79 seconds
      cpu time            0.01 seconds
      

22756      filename _flowref;
MPRINT(EM_DIAGRAM):   filename _flowref;
NOTE: Fileref _FLOWREF has been deassigned.
22757      %let SYSCC = 0;
22758      *------------------------------------------------------------*;
MPRINT(EM_DIAGRAM):    *------------------------------------------------------------*;
22759      * transformcombinevariables;
MPRINT(EM_DIAGRAM):   * transformcombinevariables;
22760      *------------------------------------------------------------*;
MPRINT(EM_DIAGRAM):   *------------------------------------------------------------*;
22761      data WORK.TRANS_OUTPUTVARS;
MPRINT(EM_DIAGRAM):   data WORK.TRANS_OUTPUTVARS;
22762      length Uname inputName $32 inputLevel $10 inputType $1 _MetaFlag 8;
MPRINT(EM_DIAGRAM):   length Uname inputName $32 inputLevel $10 inputType $1 _MetaFlag 8;
22763      set
22764      EMWS1.Trans_RESULT
22765      ;
MPRINT(EM_DIAGRAM):   set EMWS1.Trans_RESULT ;
22766      _MetaFlag=0;
MPRINT(EM_DIAGRAM):   _MetaFlag=0;
22767      uname = upcase(name);
MPRINT(EM_DIAGRAM):   uname = upcase(name);
22768      run;
MPRINT(EM_DIAGRAM):   run;

NOTE: There were 11 observations read from the data set EMWS1.TRANS_RESULT.
NOTE: The data set WORK.TRANS_OUTPUTVARS has 11 observations and 13 variables.
NOTE: DATA statement used (Total process time):
      real time           0.01 seconds
      cpu time            0.01 seconds
      

22769      data _temp;
MPRINT(EM_DIAGRAM):    data _temp;
22770      length UNAME $32;
MPRINT(EM_DIAGRAM):   length UNAME $32;
22771      set EMWS1.Trans_CMeta_TRAIN(keep=NAME LEVEL ROLE TYPE CREATOR LABEL);
MPRINT(EM_DIAGRAM):   set EMWS1.Trans_CMeta_TRAIN(keep=NAME LEVEL ROLE TYPE CREATOR LABEL);
22772      UNAME = upcase(name);
MPRINT(EM_DIAGRAM):   UNAME = upcase(name);
22773      where upcase(CREATOR) = upcase("Trans");
MPRINT(EM_DIAGRAM):   where upcase(CREATOR) = upcase("Trans");
22774      run;
MPRINT(EM_DIAGRAM):   run;

NOTE: There were 11 observations read from the data set EMWS1.TRANS_CMETA_TRAIN.
      WHERE UPCASE(CREATOR)='TRANS';
NOTE: The data set WORK._TEMP has 11 observations and 7 variables.
NOTE: DATA statement used (Total process time):
      real time           0.03 seconds
      cpu time            0.03 seconds
      

22775      proc sort data=_temp(drop=CREATOR);
MPRINT(EM_DIAGRAM):   proc sort data=_temp(drop=CREATOR);
22776      by UNAME;
MPRINT(EM_DIAGRAM):   by UNAME;
22777      run;
MPRINT(EM_DIAGRAM):   run;

NOTE: There were 11 observations read from the data set WORK._TEMP.
NOTE: The data set WORK._TEMP has 11 observations and 6 variables.
NOTE: PROCEDURE SORT used (Total process time):
      real time           0.01 seconds
      cpu time            0.01 seconds
      

22778      proc sort data=WORK.TRANS_OUTPUTVARS;
MPRINT(EM_DIAGRAM):    proc sort data=WORK.TRANS_OUTPUTVARS;
22779      by UNAME;
MPRINT(EM_DIAGRAM):   by UNAME;
22780      run;
MPRINT(EM_DIAGRAM):   run;

NOTE: There were 11 observations read from the data set WORK.TRANS_OUTPUTVARS.
NOTE: The data set WORK.TRANS_OUTPUTVARS has 11 observations and 13 variables.
NOTE: PROCEDURE SORT used (Total process time):
      real time           0.01 seconds
      cpu time            0.01 seconds
      

22781      data WORK.TRANS_OUTPUTVARS;
MPRINT(EM_DIAGRAM):   data WORK.TRANS_OUTPUTVARS;
22782      merge WORK.TRANS_OUTPUTVARS _temp;
MPRINT(EM_DIAGRAM):   merge WORK.TRANS_OUTPUTVARS _temp;
22783      by UNAME;
MPRINT(EM_DIAGRAM):   by UNAME;
22784      run;
MPRINT(EM_DIAGRAM):   run;

NOTE: There were 11 observations read from the data set WORK.TRANS_OUTPUTVARS.
NOTE: There were 11 observations read from the data set WORK._TEMP.
NOTE: The data set WORK.TRANS_OUTPUTVARS has 11 observations and 13 variables.
NOTE: DATA statement used (Total process time):
      real time           0.01 seconds
      cpu time            0.01 seconds
      

22785      *------------------------------------------------------------*;
MPRINT(EM_DIAGRAM):    *------------------------------------------------------------*;
22786      * Trans: Get Metadata for the Score Inputs Variables;
MPRINT(EM_DIAGRAM):   * Trans: Get Metadata for the Score Inputs Variables;
22787      *------------------------------------------------------------*;
MPRINT(EM_DIAGRAM):   *------------------------------------------------------------*;
22788      data _temp;
MPRINT(EM_DIAGRAM):   data _temp;
22789      length UNAME $32;
MPRINT(EM_DIAGRAM):   length UNAME $32;
22790      set EMWS1.Trans_VariableSet(keep=NAME LEVEL TYPE LABEL);
MPRINT(EM_DIAGRAM):   set EMWS1.Trans_VariableSet(keep=NAME LEVEL TYPE LABEL);
22791      UNAME = upcase(name);
MPRINT(EM_DIAGRAM):   UNAME = upcase(name);
22792      run;
MPRINT(EM_DIAGRAM):   run;

NOTE: There were 51 observations read from the data set EMWS1.TRANS_VARIABLESET.
NOTE: The data set WORK._TEMP has 51 observations and 5 variables.
NOTE: DATA statement used (Total process time):
      real time           0.01 seconds
      cpu time            0.01 seconds
      

22793      proc sort data=_temp;
MPRINT(EM_DIAGRAM):   proc sort data=_temp;
22794      by UNAME;
MPRINT(EM_DIAGRAM):   by UNAME;
22795      run;
MPRINT(EM_DIAGRAM):   run;

NOTE: There were 51 observations read from the data set WORK._TEMP.
NOTE: The data set WORK._TEMP has 51 observations and 5 variables.
NOTE: PROCEDURE SORT used (Total process time):
      real time           0.01 seconds
      cpu time            0.01 seconds
      

22796      data WORK.TRANS_SCOREINPUTS;
MPRINT(EM_DIAGRAM):   data WORK.TRANS_SCOREINPUTS;
22797      merge WORK.TRANS_SCOREINPUTS(in=_a) _temp(in=_b);
MPRINT(EM_DIAGRAM):   merge WORK.TRANS_SCOREINPUTS(in=_a) _temp(in=_b);
22798      by UNAME;
MPRINT(EM_DIAGRAM):   by UNAME;
22799      if _a and _b then output;
MPRINT(EM_DIAGRAM):   if _a and _b then output;
22800      run;
MPRINT(EM_DIAGRAM):   run;

NOTE: There were 11 observations read from the data set WORK.TRANS_SCOREINPUTS.
NOTE: There were 51 observations read from the data set WORK._TEMP.
NOTE: The data set WORK.TRANS_SCOREINPUTS has 11 observations and 5 variables.
NOTE: DATA statement used (Total process time):
      real time           0.01 seconds
      cpu time            0.01 seconds
      

22801      *------------------------------------------------------------*;
MPRINT(EM_DIAGRAM):    *------------------------------------------------------------*;
22802      * Trans: Computing Summary Statistics;
MPRINT(EM_DIAGRAM):   * Trans: Computing Summary Statistics;
22803      *------------------------------------------------------------*;
MPRINT(EM_DIAGRAM):   *------------------------------------------------------------*;
22804      proc dmdb data=EMWS1.Trans_TRAIN classout=WORK.TRANS_CLASSSTATS varout=WORK.TRANS_VARSTATS;
MPRINT(EM_DIAGRAM):   proc dmdb data=EMWS1.Trans_TRAIN classout=WORK.TRANS_CLASSSTATS varout=WORK.TRANS_VARSTATS;
22805      class
22806      OPT_LIFETIME_CARD_PROM
22807      OPT_LIFETIME_GIFT_COUNT
22808      OPT_MEDIAN_HOME_VALUE
22809      OPT_MEDIAN_HOUSEHOLD_INCOME
22810      OPT_PER_CAPITA_INCOME
22811      OPT_RECENT_RESPONSE_PROP
22812      OPT_RECENT_STAR_STATUS
22813      ;
MPRINT(EM_DIAGRAM):   class OPT_LIFETIME_CARD_PROM OPT_LIFETIME_GIFT_COUNT OPT_MEDIAN_HOME_VALUE OPT_MEDIAN_HOUSEHOLD_INCOME OPT_PER_CAPITA_INCOME OPT_RECENT_RESPONSE_PROP OPT_RECENT_STAR_STATUS ;
22814      var
22815      FILE_AVG_GIFT
22816      LAST_GIFT_AMT
22817      LIFETIME_AVG_GIFT_AMT
22818      LIFETIME_CARD_PROM
22819      LIFETIME_GIFT_AMOUNT
22820      LIFETIME_GIFT_COUNT
22821      MEDIAN_HOME_VALUE
22822      MEDIAN_HOUSEHOLD_INCOME
22823      PER_CAPITA_INCOME
22824      RECENT_RESPONSE_PROP
22825      RECENT_STAR_STATUS
22826      LG10_FILE_AVG_GIFT
22827      LG10_LAST_GIFT_AMT
22828      LG10_LIFETIME_AVG_GIFT_AMT
22829      LG10_LIFETIME_GIFT_AMOUNT
22830      ;
MPRINT(EM_DIAGRAM):   var FILE_AVG_GIFT LAST_GIFT_AMT LIFETIME_AVG_GIFT_AMT LIFETIME_CARD_PROM LIFETIME_GIFT_AMOUNT LIFETIME_GIFT_COUNT MEDIAN_HOME_VALUE MEDIAN_HOUSEHOLD_INCOME PER_CAPITA_INCOME RECENT_RESPONSE_PROP RECENT_STAR_STATUS LG10_FILE_AVG_GIFT 
LG10_LAST_GIFT_AMT LG10_LIFETIME_AVG_GIFT_AMT LG10_LIFETIME_GIFT_AMOUNT ;
22831      run;
MPRINT(EM_DIAGRAM):   run;

NOTE: Variable _WARN_ is uninitialized.
NOTE: Records processed = 10654   Memory used = 511K.
NOTE: There were 10654 observations read from the data set EMWS1.PART_TRAIN.
NOTE: There were 10654 observations read from the data set EMWS1.REPL_TRAIN.
NOTE: View EMWS1.TRANS_TRAIN.VIEW used (Total process time):
      real time           0.29 seconds
      cpu time            0.29 seconds
      
NOTE: There were 10654 observations read from the data set EMWS1.IMPT_TRAIN.
NOTE: There were 10654 observations read from the data set EMWS1.TRANS_TRAIN.
NOTE: The data set WORK.TRANS_CLASSSTATS has 18 observations and 9 variables.
NOTE: The data set WORK.TRANS_VARSTATS has 15 observations and 9 variables.
NOTE: PROCEDURE DMDB used (Total process time):
      real time           0.32 seconds
      cpu time            0.32 seconds
      

22832      *------------------------------------------------------------*;
MPRINT(EM_DIAGRAM):    *------------------------------------------------------------*;
22833      * Trans: Combine Information and Statistics for Class Variables;
MPRINT(EM_DIAGRAM):   * Trans: Combine Information and Statistics for Class Variables;
22834      *------------------------------------------------------------*;
MPRINT(EM_DIAGRAM):   *------------------------------------------------------------*;
22835      proc sort data=WORK.TRANS_OUTPUTVARS out=_temp;
MPRINT(EM_DIAGRAM):   proc sort data=WORK.TRANS_OUTPUTVARS out=_temp;
22836      by NAME;
MPRINT(EM_DIAGRAM):   by NAME;
22837      run;
MPRINT(EM_DIAGRAM):   run;

NOTE: There were 11 observations read from the data set WORK.TRANS_OUTPUTVARS.
NOTE: The data set WORK._TEMP has 11 observations and 13 variables.
NOTE: PROCEDURE SORT used (Total process time):
      real time           0.01 seconds
      cpu time            0.01 seconds
      

22838      proc sort data=WORK.TRANS_CLASSSTATS;
MPRINT(EM_DIAGRAM):   proc sort data=WORK.TRANS_CLASSSTATS;
22839      by NAME;
MPRINT(EM_DIAGRAM):   by NAME;
22840      run;
MPRINT(EM_DIAGRAM):   run;

NOTE: There were 18 observations read from the data set WORK.TRANS_CLASSSTATS.
NOTE: The data set WORK.TRANS_CLASSSTATS has 18 observations and 9 variables.
NOTE: PROCEDURE SORT used (Total process time):
      real time           0.01 seconds
      cpu time            0.01 seconds
      

22841      data WORK.TRANS_CLASSSTATS(keep=name nlevel nmiss);
MPRINT(EM_DIAGRAM):   data WORK.TRANS_CLASSSTATS(keep=name nlevel nmiss);
22842      retain nlevel nmiss;
MPRINT(EM_DIAGRAM):   retain nlevel nmiss;
22843      set WORK.TRANS_CLASSSTATS;
MPRINT(EM_DIAGRAM):   set WORK.TRANS_CLASSSTATS;
22844      by Name;
MPRINT(EM_DIAGRAM):   by Name;
22845      if first.Name then do;
MPRINT(EM_DIAGRAM):   if first.Name then do;
22846      nlevel= 0;
MPRINT(EM_DIAGRAM):   nlevel= 0;
22847      nmiss= 0;
MPRINT(EM_DIAGRAM):   nmiss= 0;
22848      end;
MPRINT(EM_DIAGRAM):   end;
22849      if (type='C' and CRAW='') or (type='N' and NRAW=.) then nmiss = FREQUENCY;
MPRINT(EM_DIAGRAM):   if (type='C' and CRAW='') or (type='N' and NRAW=.) then nmiss = FREQUENCY;
22850      else nlevel + 1;
MPRINT(EM_DIAGRAM):   else nlevel + 1;
22851      if last.name then output;
MPRINT(EM_DIAGRAM):   if last.name then output;
22852      run;
MPRINT(EM_DIAGRAM):   run;

NOTE: There were 18 observations read from the data set WORK.TRANS_CLASSSTATS.
NOTE: The data set WORK.TRANS_CLASSSTATS has 7 observations and 3 variables.
NOTE: DATA statement used (Total process time):
      real time           0.01 seconds
      cpu time            0.01 seconds
      

22853      /*Merge Statistics for Class Output Vars */
22854      data WORK.TRANS_CLASSSTATS;
MPRINT(EM_DIAGRAM):   data WORK.TRANS_CLASSSTATS;
22855      length SOURCE $6 _METHOD_ $8 NAME $32 FORMULA $300;
MPRINT(EM_DIAGRAM):   length SOURCE $6 _METHOD_ $8 NAME $32 FORMULA $300;
22856      merge WORK.TRANS_CLASSSTATS(in=_a) _temp(in=_b keep=NAME InputName Formula _MetaFlag LEVEL TYPE LABEL);
MPRINT(EM_DIAGRAM):   merge WORK.TRANS_CLASSSTATS(in=_a) _temp(in=_b keep=NAME InputName Formula _MetaFlag LEVEL TYPE LABEL);
22857      by NAME;
MPRINT(EM_DIAGRAM):   by NAME;
22858      if _a and _b then do;
MPRINT(EM_DIAGRAM):   if _a and _b then do;
22859      SOURCE='Output';
MPRINT(EM_DIAGRAM):   SOURCE='Output';
22860      if _MetaFlag = 1 then _METHOD_="Meta";
MPRINT(EM_DIAGRAM):   if _MetaFlag = 1 then _METHOD_="Meta";
22861      else if Formula eq 'Interaction' then _METHOD_="Computed";
MPRINT(EM_DIAGRAM):   else if Formula eq 'Interaction' then _METHOD_="Computed";
22862      else if inputName eq '' then _METHOD_="Formula";
MPRINT(EM_DIAGRAM):   else if inputName eq '' then _METHOD_="Formula";
22863      else _METHOD_="Computed";
MPRINT(EM_DIAGRAM):   else _METHOD_="Computed";
22864      if Formula = '' then Formula = "User Code";
MPRINT(EM_DIAGRAM):   if Formula = '' then Formula = "User Code";
22865      end;
MPRINT(EM_DIAGRAM):   end;
22866      if _a then output;
MPRINT(EM_DIAGRAM):   if _a then output;
22867      drop inputName LEVEL TYPE _MetaFlag;
MPRINT(EM_DIAGRAM):   drop inputName LEVEL TYPE _MetaFlag;
22868      run;
MPRINT(EM_DIAGRAM):   run;

NOTE: There were 7 observations read from the data set WORK.TRANS_CLASSSTATS.
NOTE: There were 11 observations read from the data set WORK._TEMP.
NOTE: The data set WORK.TRANS_CLASSSTATS has 7 observations and 7 variables.
NOTE: DATA statement used (Total process time):
      real time           0.01 seconds
      cpu time            0.01 seconds
      

22869      /*Merge Statistics for Class Input Vars */
22870      proc sort data=WORK.TRANS_SCOREINPUTS(drop=TYPE LEVEL) out=_temp nodupkey;
MPRINT(EM_DIAGRAM):   proc sort data=WORK.TRANS_SCOREINPUTS(drop=TYPE LEVEL) out=_temp nodupkey;
22871      by NAME;
MPRINT(EM_DIAGRAM):   by NAME;
22872      run;
MPRINT(EM_DIAGRAM):   run;

NOTE: There were 11 observations read from the data set WORK.TRANS_SCOREINPUTS.
NOTE: 0 observations with duplicate key values were deleted.
NOTE: The data set WORK._TEMP has 11 observations and 3 variables.
NOTE: PROCEDURE SORT used (Total process time):
      real time           0.01 seconds
      cpu time            0.01 seconds
      

22873      data WORK.TRANS_CLASSSTATS;
MPRINT(EM_DIAGRAM):   data WORK.TRANS_CLASSSTATS;
22874      merge WORK.TRANS_CLASSSTATS(in=_a) _temp(in=_b);
MPRINT(EM_DIAGRAM):   merge WORK.TRANS_CLASSSTATS(in=_a) _temp(in=_b);
22875      by NAME;
MPRINT(EM_DIAGRAM):   by NAME;
22876      if _a and _b then do;
MPRINT(EM_DIAGRAM):   if _a and _b then do;
22877      SOURCE='Input';
MPRINT(EM_DIAGRAM):   SOURCE='Input';
22878      _METHOD_="Original";
MPRINT(EM_DIAGRAM):   _METHOD_="Original";
22879      end;
MPRINT(EM_DIAGRAM):   end;
22880      if _a then output;
MPRINT(EM_DIAGRAM):   if _a then output;
22881      run;
MPRINT(EM_DIAGRAM):   run;

NOTE: There were 7 observations read from the data set WORK.TRANS_CLASSSTATS.
NOTE: There were 11 observations read from the data set WORK._TEMP.
NOTE: The data set WORK.TRANS_CLASSSTATS has 7 observations and 8 variables.
NOTE: DATA statement used (Total process time):
      real time           0.01 seconds
      cpu time            0.01 seconds
      

22882      *------------------------------------------------------------*;
MPRINT(EM_DIAGRAM):    *------------------------------------------------------------*;
22883      * Trans: Combine Information and Statistics for Interval Variables;
MPRINT(EM_DIAGRAM):   * Trans: Combine Information and Statistics for Interval Variables;
22884      *------------------------------------------------------------*;
MPRINT(EM_DIAGRAM):   *------------------------------------------------------------*;
22885      proc sort data=WORK.TRANS_OUTPUTVARS out=_temp;
MPRINT(EM_DIAGRAM):   proc sort data=WORK.TRANS_OUTPUTVARS out=_temp;
22886      by NAME;
MPRINT(EM_DIAGRAM):   by NAME;
22887      run;
MPRINT(EM_DIAGRAM):   run;

NOTE: There were 11 observations read from the data set WORK.TRANS_OUTPUTVARS.
NOTE: The data set WORK._TEMP has 11 observations and 13 variables.
NOTE: PROCEDURE SORT used (Total process time):
      real time           0.01 seconds
      cpu time            0.01 seconds
      

22888      proc sort data=WORK.TRANS_VARSTATS;
MPRINT(EM_DIAGRAM):   proc sort data=WORK.TRANS_VARSTATS;
22889      by NAME;
MPRINT(EM_DIAGRAM):   by NAME;
22890      run;
MPRINT(EM_DIAGRAM):   run;

NOTE: There were 15 observations read from the data set WORK.TRANS_VARSTATS.
NOTE: The data set WORK.TRANS_VARSTATS has 15 observations and 9 variables.
NOTE: PROCEDURE SORT used (Total process time):
      real time           0.01 seconds
      cpu time            0.01 seconds
      

MPRINT(EM_DIAGRAM):   *Merge Statistics for Output Vars;
22891      *Merge Statistics for Output Vars;
22892      data WORK.TRANS_VARSTATS;
MPRINT(EM_DIAGRAM):   data WORK.TRANS_VARSTATS;
22893      length SOURCE $6 _METHOD_ $8 NAME $32 FORMULA $300;
MPRINT(EM_DIAGRAM):   length SOURCE $6 _METHOD_ $8 NAME $32 FORMULA $300;
22894      merge WORK.TRANS_VARSTATS(in=_a) _temp(in=_b keep=NAME Formula InputName _MetaFlag LEVEL TYPE LABEL);
MPRINT(EM_DIAGRAM):   merge WORK.TRANS_VARSTATS(in=_a) _temp(in=_b keep=NAME Formula InputName _MetaFlag LEVEL TYPE LABEL);
22895      by NAME;
MPRINT(EM_DIAGRAM):   by NAME;
22896      if _a and _b then do;
MPRINT(EM_DIAGRAM):   if _a and _b then do;
22897      SOURCE='Output';
MPRINT(EM_DIAGRAM):   SOURCE='Output';
22898      if _MetaFlag = 1 then _METHOD_="Meta";
MPRINT(EM_DIAGRAM):   if _MetaFlag = 1 then _METHOD_="Meta";
22899      else if Formula eq 'Interaction' then _METHOD_="Computed";
MPRINT(EM_DIAGRAM):   else if Formula eq 'Interaction' then _METHOD_="Computed";
22900      else if inputName eq '' then _METHOD_="Formula";
MPRINT(EM_DIAGRAM):   else if inputName eq '' then _METHOD_="Formula";
22901      else _METHOD_="Computed";
MPRINT(EM_DIAGRAM):   else _METHOD_="Computed";
22902      if Formula = '' then Formula = "Mixture of variables";
MPRINT(EM_DIAGRAM):   if Formula = '' then Formula = "Mixture of variables";
22903      end;
MPRINT(EM_DIAGRAM):   end;
22904      if _a then output;
MPRINT(EM_DIAGRAM):   if _a then output;
22905      drop inputName LEVEL TYPE _MetaFlag;
MPRINT(EM_DIAGRAM):   drop inputName LEVEL TYPE _MetaFlag;
22906      run;
MPRINT(EM_DIAGRAM):   run;

NOTE: There were 15 observations read from the data set WORK.TRANS_VARSTATS.
NOTE: There were 11 observations read from the data set WORK._TEMP.
NOTE: The data set WORK.TRANS_VARSTATS has 15 observations and 13 variables.
NOTE: DATA statement used (Total process time):
      real time           0.01 seconds
      cpu time            0.01 seconds
      

MPRINT(EM_DIAGRAM):   *Merge Statistics for Input Vars;
22907      *Merge Statistics for Input Vars;
22908      proc sort data=WORK.TRANS_SCOREINPUTS(drop=TYPE LEVEL) out=_temp nodupkey;
MPRINT(EM_DIAGRAM):   proc sort data=WORK.TRANS_SCOREINPUTS(drop=TYPE LEVEL) out=_temp nodupkey;
22909      by NAME;
MPRINT(EM_DIAGRAM):   by NAME;
22910      run;
MPRINT(EM_DIAGRAM):   run;

NOTE: There were 11 observations read from the data set WORK.TRANS_SCOREINPUTS.
NOTE: 0 observations with duplicate key values were deleted.
NOTE: The data set WORK._TEMP has 11 observations and 3 variables.
NOTE: PROCEDURE SORT used (Total process time):
      real time           0.01 seconds
      cpu time            0.01 seconds
      

22911      data WORK.TRANS_VARSTATS;
MPRINT(EM_DIAGRAM):   data WORK.TRANS_VARSTATS;
22912      merge WORK.TRANS_VARSTATS(in=_a) _temp(in=_b);
MPRINT(EM_DIAGRAM):   merge WORK.TRANS_VARSTATS(in=_a) _temp(in=_b);
22913      by NAME;
MPRINT(EM_DIAGRAM):   by NAME;
22914      if _a and _b then do;
MPRINT(EM_DIAGRAM):   if _a and _b then do;
22915      SOURCE='Input';
MPRINT(EM_DIAGRAM):   SOURCE='Input';
22916      _METHOD_="Original";
MPRINT(EM_DIAGRAM):   _METHOD_="Original";
22917      end;
MPRINT(EM_DIAGRAM):   end;
22918      if _a then output;
MPRINT(EM_DIAGRAM):   if _a then output;
22919      run;
MPRINT(EM_DIAGRAM):   run;

NOTE: There were 15 observations read from the data set WORK.TRANS_VARSTATS.
NOTE: There were 11 observations read from the data set WORK._TEMP.
NOTE: The data set WORK.TRANS_VARSTATS has 15 observations and 14 variables.
NOTE: DATA statement used (Total process time):
      real time           0.01 seconds
      cpu time            0.01 seconds
      

22920      *------------------------------------------------------------*;
MPRINT(EM_DIAGRAM):    *------------------------------------------------------------*;
22921      * Trans: Combine statistics for class and interval variables;
MPRINT(EM_DIAGRAM):   * Trans: Combine statistics for class and interval variables;
22922      *------------------------------------------------------------*;
MPRINT(EM_DIAGRAM):   *------------------------------------------------------------*;
22923      data EMWS1.Trans_STATISTICS;
MPRINT(EM_DIAGRAM):   data EMWS1.Trans_STATISTICS;
22924      length SOURCE $6 _METHOD_ $8 NAME $32 FORMULA $300;
MPRINT(EM_DIAGRAM):   length SOURCE $6 _METHOD_ $8 NAME $32 FORMULA $300;
22925      label SOURCE = "%sysfunc(sasmsg(sashelp.dmine, rpt_source_vlabel,  NOQUOTE))" _METHOD_ = "%sysfunc(sasmsg(sashelp.dmine, rpt_method_vlabel,  NOQUOTE))" NAME = "%sysfunc(sasmsg(sashelp.dmine, meta_name_vlabel,  NOQUOTE))" FORMULA =
22926         "%sysfunc(sasmsg(sashelp.dmine, rpt_formula_vlabel,   NOQUOTE))" NLEVEL = "%sysfunc(sasmsg(sashelp.dmine, rpt_numcat_vlabel,   NOQUOTE))" N = "%sysfunc(sasmsg(sashelp.dmine, rpt_nonmiss_vlabel, NOQUOTE))" NMISS =
22927         "%sysfunc(sasmsg(sashelp.dmine, rpt_missing_vlabel, NOQUOTE))" MIN = "%sysfunc(sasmsg(sashelp.dmine, rpt_minimum_vlabel, NOQUOTE))" MAX = "%sysfunc(sasmsg(sashelp.dmine, rpt_maximum_vlabel, NOQUOTE))" MEAN =
22928         "%sysfunc(sasmsg(sashelp.dmine, rpt_mean_vlabel,    NOQUOTE))" STD = "%sysfunc(sasmsg(sashelp.dmine, rpt_std_vlabel,     NOQUOTE))" SKEWNESS = "%sysfunc(sasmsg(sashelp.dmine, rpt_skewness_vlabel, NOQUOTE))" KURTOSIS =
22929         "%sysfunc(sasmsg(sashelp.dmine, rpt_kurtosis_vlabel, NOQUOTE))" LABEL = "%sysfunc(sasmsg(sashelp.dmine, meta_label_vlabel, NOQUOTE))";
MPRINT(EM_DIAGRAM):   label SOURCE = "Source" _METHOD_ = "Method" NAME = "Variable Name" FORMULA = "Formula" NLEVEL = "Number of Levels" N = "Non Missing" NMISS = "Missing" MIN = "Minimum" MAX = "Maximum" MEAN = "Mean" STD = "Standard Deviation" SKEWNESS 
= "Skewness" KURTOSIS = "Kurtosis" LABEL = "Label";
22930      set
22931      WORK.TRANS_CLASSSTATS
22932      WORK.TRANS_VARSTATS
22933      ;
MPRINT(EM_DIAGRAM):   set WORK.TRANS_CLASSSTATS WORK.TRANS_VARSTATS ;
22934      drop UNAME;
MPRINT(EM_DIAGRAM):   drop UNAME;
22935      run;
MPRINT(EM_DIAGRAM):   run;

NOTE: There were 7 observations read from the data set WORK.TRANS_CLASSSTATS.
NOTE: There were 15 observations read from the data set WORK.TRANS_VARSTATS.
NOTE: The data set EMWS1.TRANS_STATISTICS has 22 observations and 14 variables.
NOTE: DATA statement used (Total process time):
      real time           0.14 seconds
      cpu time            0.12 seconds
      

22936      proc sort data=EMWS1.Trans_STATISTICS;
MPRINT(EM_DIAGRAM):   proc sort data=EMWS1.Trans_STATISTICS;
22937      by SOURCE _METHOD_ NAME;
MPRINT(EM_DIAGRAM):   by SOURCE _METHOD_ NAME;
22938      run;
MPRINT(EM_DIAGRAM):   run;

NOTE: There were 22 observations read from the data set EMWS1.TRANS_STATISTICS.
NOTE: The data set EMWS1.TRANS_STATISTICS has 22 observations and 14 variables.
NOTE: PROCEDURE SORT used (Total process time):
      real time           0.03 seconds
      cpu time            0.03 seconds
      

22939      proc sort data = EMWS1.Trans_STATISTICS NOTHREADS;
MPRINT(EM_DIAGRAM):    proc sort data = EMWS1.Trans_STATISTICS NOTHREADS;
22940      by SOURCE NAME;
MPRINT(EM_DIAGRAM):   by SOURCE NAME;
22941      run;
MPRINT(EM_DIAGRAM):   run;

NOTE: There were 22 observations read from the data set EMWS1.TRANS_STATISTICS.
NOTE: The data set EMWS1.TRANS_STATISTICS has 22 observations and 14 variables.
NOTE: PROCEDURE SORT used (Total process time):
      real time           0.03 seconds
      cpu time            0.03 seconds
      

22942      title9 ' ';
MPRINT(EM_DIAGRAM):   title9 ' ';
22943      proc print data = EMWS1.Trans_STATISTICS(obs=500) noobs label;
MPRINT(EM_DIAGRAM):   proc print data = EMWS1.Trans_STATISTICS(obs=500) noobs label;
22944      title9 "%sysfunc(sasmsg(sashelp.dmine, rpt_intervalinputStats_title, NOQUOTE))";
MPRINT(EM_DIAGRAM):   title9 "Summary Statistics for Input Interval Variables";
22945      title10 "%sysfunc(sasmsg(sashelp.dmine, rpt_maxObsPrinted_title, NOQUOTE))";
MPRINT(EM_DIAGRAM):   title10 "(maximum 500 observations printed)";
MPRINT(EM_DIAGRAM):   var Name NMISS MIN MAX MEAN STD SKEWNESS KURTOSIS;
MPRINT(EM_DIAGRAM):   where SOURCE eq 'INPUT' and mean ne .;
MPRINT(EM_DIAGRAM):   run;
22946      var Name NMISS MIN MAX MEAN STD SKEWNESS KURTOSIS;
22947      where SOURCE eq 'INPUT' and mean ne .;
22948      run;

NOTE: No observations were selected from data set EMWS1.TRANS_STATISTICS.
NOTE: There were 0 observations read from the data set EMWS1.TRANS_STATISTICS.
      WHERE (SOURCE='INPUT') and (mean not = .);
NOTE: PROCEDURE PRINT used (Total process time):
      real time           0.01 seconds
      cpu time            0.01 seconds
      

22949      proc print data = EMWS1.Trans_STATISTICS(obs=500) noobs label;
MPRINT(EM_DIAGRAM):   proc print data = EMWS1.Trans_STATISTICS(obs=500) noobs label;
22950      title9 "%sysfunc(sasmsg(sashelp.dmine, rpt_intervaloutputStats_title, NOQUOTE))";
MPRINT(EM_DIAGRAM):   title9 "Summary Statistics for Output Interval Variables";
22951      title10 "%sysfunc(sasmsg(sashelp.dmine, rpt_maxObsPrinted_title, NOQUOTE))";
MPRINT(EM_DIAGRAM):   title10 "(maximum 500 observations printed)";
MPRINT(EM_DIAGRAM):   var Name _METHOD_ NMISS MIN MAX MEAN STD SKEWNESS KURTOSIS;
MPRINT(EM_DIAGRAM):   where SOURCE eq 'OUTPUT' and mean ne .;
MPRINT(EM_DIAGRAM):   run;
22952      var Name _METHOD_ NMISS MIN MAX MEAN STD SKEWNESS KURTOSIS;
22953      where SOURCE eq 'OUTPUT' and mean ne .;
22954      run;

NOTE: No observations were selected from data set EMWS1.TRANS_STATISTICS.
NOTE: There were 0 observations read from the data set EMWS1.TRANS_STATISTICS.
      WHERE (SOURCE='OUTPUT') and (mean not = .);
NOTE: PROCEDURE PRINT used (Total process time):
      real time           0.03 seconds
      cpu time            0.03 seconds
      

22955      proc print data = EMWS1.Trans_STATISTICS(obs=500) noobs label;
MPRINT(EM_DIAGRAM):   proc print data = EMWS1.Trans_STATISTICS(obs=500) noobs label;
22956      title9 "%sysfunc(sasmsg(sashelp.dmine, rpt_classinputStats_title, NOQUOTE))";
MPRINT(EM_DIAGRAM):   title9 "Summary Statistics for Input Class Variables";
22957      title10 "%sysfunc(sasmsg(sashelp.dmine, rpt_maxObsPrinted_title, NOQUOTE))";
MPRINT(EM_DIAGRAM):   title10 "(maximum 500 observations printed)";
MPRINT(EM_DIAGRAM):   var Name NLEVEL NMISS;
MPRINT(EM_DIAGRAM):   where SOURCE eq 'INPUT' and nlevel ne .;
MPRINT(EM_DIAGRAM):   run;
22958      var Name NLEVEL NMISS;
22959      where SOURCE eq 'INPUT' and nlevel ne .;
22960      run;

NOTE: No observations were selected from data set EMWS1.TRANS_STATISTICS.
NOTE: There were 0 observations read from the data set EMWS1.TRANS_STATISTICS.
      WHERE (SOURCE='INPUT') and (nlevel not = .);
NOTE: PROCEDURE PRINT used (Total process time):
      real time           0.01 seconds
      cpu time            0.03 seconds
      

22961      proc print data = EMWS1.Trans_STATISTICS(obs=500) noobs label;
MPRINT(EM_DIAGRAM):   proc print data = EMWS1.Trans_STATISTICS(obs=500) noobs label;
22962      title9 "%sysfunc(sasmsg(sashelp.dmine, rpt_classoutputStats_title, NOQUOTE))";
MPRINT(EM_DIAGRAM):   title9 "Summary Statistics for Output Class Variables";
22963      title10 "%sysfunc(sasmsg(sashelp.dmine, rpt_maxObsPrinted_title, NOQUOTE))";
MPRINT(EM_DIAGRAM):   title10 "(maximum 500 observations printed)";
MPRINT(EM_DIAGRAM):   var Name _METHOD_ NLEVEL NMISS;
MPRINT(EM_DIAGRAM):   where SOURCE eq 'OUTPUT' and nlevel ne .;
MPRINT(EM_DIAGRAM):   run;
22964      var Name _METHOD_ NLEVEL NMISS;
22965      where SOURCE eq 'OUTPUT' and nlevel ne .;
22966      run;

NOTE: No observations were selected from data set EMWS1.TRANS_STATISTICS.
NOTE: There were 0 observations read from the data set EMWS1.TRANS_STATISTICS.
      WHERE (SOURCE='OUTPUT') and (nlevel not = .);
NOTE: PROCEDURE PRINT used (Total process time):
      real time           0.03 seconds
      cpu time            0.03 seconds
      

22967      title9;
MPRINT(EM_DIAGRAM):   title9;
22968      title10;
MPRINT(EM_DIAGRAM):   title10;
22969      data EMWS1.Trans_EMSCOREVAR;
MPRINT(EM_DIAGRAM):    data EMWS1.Trans_EMSCOREVAR;
22970      length Name $32 formula $300 file $200;
MPRINT(EM_DIAGRAM):   length Name $32 formula $300 file $200;
22971      keep NAME Formula file;
MPRINT(EM_DIAGRAM):   keep NAME Formula file;
22972      set EMWS1.Trans_STATISTICS;
MPRINT(EM_DIAGRAM):   set EMWS1.Trans_STATISTICS;
22973      where SOURCE='Output';
MPRINT(EM_DIAGRAM):   where SOURCE='Output';
22974      select( _METHOD_);
MPRINT(EM_DIAGRAM):   select( _METHOD_);
22975      when('Computed') do;
MPRINT(EM_DIAGRAM):   when('Computed') do;
22976      file="TRANSFORMCODE\"!!strip(NAME)!!'.sas';
MPRINT(EM_DIAGRAM):   file="TRANSFORMCODE\"!!strip(NAME)!!'.sas';
22977      formula = '';
MPRINT(EM_DIAGRAM):   formula = '';
22978      end;
MPRINT(EM_DIAGRAM):   end;
22979      when('Formula') do;
MPRINT(EM_DIAGRAM):   when('Formula') do;
22980      if Formula eq 'Mixture of variables' then do;
MPRINT(EM_DIAGRAM):   if Formula eq 'Mixture of variables' then do;
22981      file= "EDITORCODE.sas";
MPRINT(EM_DIAGRAM):   file= "EDITORCODE.sas";
22982      formula = '';
MPRINT(EM_DIAGRAM):   formula = '';
22983      end;
MPRINT(EM_DIAGRAM):   end;
22984      if Formula = 'User Code' then do;
MPRINT(EM_DIAGRAM):   if Formula = 'User Code' then do;
22985      file= "EDITORCODE.sas";
MPRINT(EM_DIAGRAM):   file= "EDITORCODE.sas";
22986      formula = '';
MPRINT(EM_DIAGRAM):   formula = '';
22987      end;
MPRINT(EM_DIAGRAM):   end;
22988      end;
MPRINT(EM_DIAGRAM):   end;
22989      otherwise;
MPRINT(EM_DIAGRAM):   otherwise;
22990      end;
MPRINT(EM_DIAGRAM):   end;
22991      output;
MPRINT(EM_DIAGRAM):   output;
22992      run;
MPRINT(EM_DIAGRAM):   run;

NOTE: There were 11 observations read from the data set EMWS1.TRANS_STATISTICS.
      WHERE SOURCE='Output';
NOTE: The data set EMWS1.TRANS_EMSCOREVAR has 11 observations and 3 variables.
NOTE: DATA statement used (Total process time):
      real time           0.03 seconds
      cpu time            0.01 seconds
      

MPRINT(EM_DIAGRAM):    proc printto;
MPRINT(EM_DIAGRAM):   run;
