MPRINT(EM_DIAGRAM):    data _null_;
MPRINT(EM_DIAGRAM):   call symput('NLDATE', strip(put(date(), NLDATE.)));
MPRINT(EM_DIAGRAM):   call symput('NLTIME', strip(put(datetime(), NLTIME.)));
MPRINT(EM_DIAGRAM):   run;
MPRINT(EM_DIAGRAM):   data _null_;
MPRINT(EM_DIAGRAM):   nldate= sasmsg("sashelp.dmine", "log_date_note", 'N', "October 11, 2015" );
MPRINT(EM_DIAGRAM):   nltime= sasmsg("sashelp.dmine", "log_time_note", 'N', "14:47:14" );
MPRINT(EM_DIAGRAM):   put "*------------------------------------------------------------*";
MPRINT(EM_DIAGRAM):   put "* Training Log";
MPRINT(EM_DIAGRAM):   put nldate;
MPRINT(EM_DIAGRAM):   put nltime;
MPRINT(EM_DIAGRAM):   put "*------------------------------------------------------------*";
MPRINT(EM_DIAGRAM):   run;
*------------------------------------------------------------*
* Training Log
Date:                October 11, 2015
Time:                14:47:14
*------------------------------------------------------------*
MPRINT(EM_DIAGRAM):    filename O3J7EULB "C:\Users\sakerb01\Desktop\SAS EM 12.3 Tutorials _ Projects\Getting Started Charitable Giving Example\Workspaces\EMWS1\Reg\EMTRAIN.out" encoding="UTF-8" NOBOM;
MPRINT(EM_DIAGRAM):   proc printto print=O3J7EULB new;
MPRINT(EM_DIAGRAM):   run;
MPRINT(EM_DIAGRAM):    filename _LOG "C:\Users\sakerb01\Desktop\SAS EM 12.3 Tutorials _ Projects\Getting Started Charitable Giving Example\Workspaces\EMWS1\Reg\EMLOG.log" encoding="UTF-8" NOBOM;
MPRINT(EM_DIAGRAM):    data _null_;
MPRINT(EM_DIAGRAM):   call symput('NLDATE', strip(put(date(), NLDATE.)));
MPRINT(EM_DIAGRAM):   call symput('NLTIME', strip(put(datetime(), NLTIME.)));
MPRINT(EM_DIAGRAM):   run;
MPRINT(EM_DIAGRAM):   data _null_;
MPRINT(EM_DIAGRAM):   nldate= sasmsg("sashelp.dmine", "log_date_note", 'N', "October 11, 2015" );
MPRINT(EM_DIAGRAM):   nltime= sasmsg("sashelp.dmine", "log_time_note", 'N', "14:47:14" );
MPRINT(EM_DIAGRAM):   file _LOG;
MPRINT(EM_DIAGRAM):   put "*------------------------------------------------------------*";
MPRINT(EM_DIAGRAM):   put "User:                sakerb01";
MPRINT(EM_DIAGRAM):   put nldate;
MPRINT(EM_DIAGRAM):   put nltime;
MPRINT(EM_DIAGRAM):   put "Site:                70080761";
MPRINT(EM_DIAGRAM):   put "Platform:            X64_7PRO";
MPRINT(EM_DIAGRAM):   put "Maintenance Release: 9.04.01M0P061913";
MPRINT(EM_DIAGRAM):   put "EM Version:          12.3";
MPRINT(EM_DIAGRAM):   put "* ";
MPRINT(EM_DIAGRAM):   run;
MPRINT(EM_DIAGRAM):    filename _LOGIN "C:\Users\sakerb01\Desktop\SAS EM 12.3 Tutorials _ Projects\Getting Started Charitable Giving Example\Workspaces\EMWS1\Reg\EMTRAIN.log" encoding="UTF-8" NOBOM;
MPRINT(EM_COPYFILE):   data _null_;
MPRINT(EM_COPYFILE):   length line $20000;
MPRINT(EM_COPYFILE):   file _LOG MOD lrecl=20000;
MPRINT(EM_COPYFILE):   fid=fopen("_LOGIN",'i',20000,'v');
MPRINT(EM_COPYFILE):   if fid > 0 then do;
MPRINT(EM_COPYFILE):   do while(^fread(fid));
MPRINT(EM_COPYFILE):   rlen = frlen(fid);
MPRINT(EM_COPYFILE):   rc= fget(fid,line,20000);
MPRINT(EM_COPYFILE):   start = length(line)-length(left(line))+1;
MPRINT(EM_COPYFILE):   line=strip(line);
MPRINT(EM_COPYFILE):   put @start line;
MPRINT(EM_COPYFILE):   end;
MPRINT(EM_COPYFILE):   if fid > 0 then rc=fclose(fid);
MPRINT(EM_COPYFILE):   end;
MPRINT(EM_COPYFILE):   run;
MPRINT(EM_DIAGRAM):  ;
MPRINT(EM_DIAGRAM):   filename _LOGIN;
MPRINT(EM_DIAGRAM):    data _null_;
MPRINT(EM_DIAGRAM):   file _LOG mod;
MPRINT(EM_DIAGRAM):   put _page_;
MPRINT(EM_DIAGRAM):   run;
MPRINT(EM_DIAGRAM):   filename _LOGIN "C:\Users\sakerb01\Desktop\SAS EM 12.3 Tutorials _ Projects\Getting Started Charitable Giving Example\Workspaces\EMWS1\Reg\EMSCORE.log" encoding="UTF-8" NOBOM;
MPRINT(EM_DIAGRAM):  ;
MPRINT(EM_DIAGRAM):   data _null_;
MPRINT(EM_DIAGRAM):   file _LOG mod;
MPRINT(EM_DIAGRAM):   put _page_;
MPRINT(EM_DIAGRAM):   run;
MPRINT(EM_DIAGRAM):    filename _LOGIN "C:\Users\sakerb01\Desktop\SAS EM 12.3 Tutorials _ Projects\Getting Started Charitable Giving Example\Workspaces\EMWS1\Reg\EMREPORT.log" encoding="UTF-8" NOBOM;
MPRINT(EM_DIAGRAM):  ;
MPRINT(EM_DIAGRAM):   filename _LOGIN;
MPRINT(EM_DIAGRAM):    filename _LOG;
MPRINT(EM_DIAGRAM):    filename _OUT "C:\Users\sakerb01\Desktop\SAS EM 12.3 Tutorials _ Projects\Getting Started Charitable Giving Example\Workspaces\EMWS1\Reg\EMOUTPUT.out" encoding="UTF-8" NOBOM;
MPRINT(EM_DIAGRAM):    data _null_;
MPRINT(EM_DIAGRAM):   call symput('NLDATE', strip(put(date(), NLDATE.)));
MPRINT(EM_DIAGRAM):   call symput('NLTIME', strip(put(datetime(), NLTIME.)));
MPRINT(EM_DIAGRAM):   run;
MPRINT(EM_DIAGRAM):   data _null_;
MPRINT(EM_DIAGRAM):   nldate= sasmsg("sashelp.dmine", "log_date_note", 'N', "October 11, 2015" );
MPRINT(EM_DIAGRAM):   nltime= sasmsg("sashelp.dmine", "log_time_note", 'N', "14:47:14" );
MPRINT(EM_DIAGRAM):   file _OUT;
MPRINT(EM_DIAGRAM):   put "*------------------------------------------------------------*";
MPRINT(EM_DIAGRAM):   put "User:                sakerb01";
MPRINT(EM_DIAGRAM):   put nldate;
MPRINT(EM_DIAGRAM):   put nltime;
MPRINT(EM_DIAGRAM):   put "*------------------------------------------------------------*";
MPRINT(EM_DIAGRAM):   put "* Training Output";
MPRINT(EM_DIAGRAM):   put "*------------------------------------------------------------*";
MPRINT(EM_DIAGRAM):   run;
MPRINT(EM_DIAGRAM):    filename _OUTIN "C:\Users\sakerb01\Desktop\SAS EM 12.3 Tutorials _ Projects\Getting Started Charitable Giving Example\Workspaces\EMWS1\Reg\EMTRAIN.out" encoding="UTF-8" NOBOM;
MPRINT(EM_DIAGRAM):   ;
MPRINT(EM_COPYFILE):   data _null_;
MPRINT(EM_COPYFILE):   length line $20000;
MPRINT(EM_COPYFILE):   file _OUT MOD lrecl=20000;
MPRINT(EM_COPYFILE):   fid=fopen("_OUTIN",'i',20000,'v');
MPRINT(EM_COPYFILE):   if fid > 0 then do;
MPRINT(EM_COPYFILE):   do while(^fread(fid));
MPRINT(EM_COPYFILE):   rlen = frlen(fid);
MPRINT(EM_COPYFILE):   rc= fget(fid,line,20000);
MPRINT(EM_COPYFILE):   start = length(line)-length(left(line))+1;
MPRINT(EM_COPYFILE):   line=strip(line);
MPRINT(EM_COPYFILE):   put @start line;
MPRINT(EM_COPYFILE):   end;
MPRINT(EM_COPYFILE):   if fid > 0 then rc=fclose(fid);
MPRINT(EM_COPYFILE):   end;
MPRINT(EM_COPYFILE):   run;
MPRINT(EM_DIAGRAM):  ;
MPRINT(EM_DIAGRAM):   filename _OUTIN;
MPRINT(EM_DIAGRAM):    data _null_;
MPRINT(EM_DIAGRAM):   file _OUT mod;
MPRINT(EM_DIAGRAM):   put _page_;
MPRINT(EM_DIAGRAM):   put // "*------------------------------------------------------------*";
MPRINT(EM_DIAGRAM):   put "* Score Output";
MPRINT(EM_DIAGRAM):   put "*------------------------------------------------------------*";
MPRINT(EM_DIAGRAM):   run;
MPRINT(EM_DIAGRAM):    filename _OUTIN "C:\Users\sakerb01\Desktop\SAS EM 12.3 Tutorials _ Projects\Getting Started Charitable Giving Example\Workspaces\EMWS1\Reg\EMSCORE.out" encoding="UTF-8" NOBOM;
MPRINT(EM_DIAGRAM):  ;
MPRINT(EM_DIAGRAM):   filename _OUTIN;
MPRINT(EM_DIAGRAM):    data _null_;
MPRINT(EM_DIAGRAM):   file _OUT mod;
MPRINT(EM_DIAGRAM):   put _page_;
MPRINT(EM_DIAGRAM):   put // "*------------------------------------------------------------*";
MPRINT(EM_DIAGRAM):   put "* Report Output";
MPRINT(EM_DIAGRAM):   put "*------------------------------------------------------------*";
MPRINT(EM_DIAGRAM):   run;
MPRINT(EM_DIAGRAM):    filename _OUTIN "C:\Users\sakerb01\Desktop\SAS EM 12.3 Tutorials _ Projects\Getting Started Charitable Giving Example\Workspaces\EMWS1\Reg\EMREPORT.out" encoding="UTF-8" NOBOM;
MPRINT(EM_DIAGRAM):  ;
MPRINT(EM_DIAGRAM):   filename _OUTIN;
MPRINT(EM_DIAGRAM):    filename _OUT;
MPRINT(EM_DIAGRAM):    filename _emtool_ 'C:\Users\sakerb01\Desktop\SAS EM 12.3 Tutorials _ Projects\Getting Started Charitable Giving Example\Workspaces\EMWS1\Reg\EMRUNSTATUS.xml' encoding="UTF-8" NOBOM;
MPRINT(EM_DIAGRAM):    filename _emtool_ 'C:\Users\sakerb01\Desktop\SAS EM 12.3 Tutorials _ Projects\Getting Started Charitable Giving Example\Workspaces\EMWS1\Reg\EMRUNSTATUS.xml' encoding="UTF-8" NOBOM;
21157      proc freq data=EMWS1.Reg_VariableSet noprint;
MPRINT(EM_DIAGRAM):    proc freq data=EMWS1.Reg_VariableSet noprint;
21158      table ROLE*LEVEL/out=WORK.RegMETA;
MPRINT(EM_DIAGRAM):   table ROLE*LEVEL/out=WORK.RegMETA;
21159      run;
MPRINT(EM_DIAGRAM):   run;

NOTE: There were 51 observations read from the data set EMWS1.REG_VARIABLESET.
NOTE: The data set WORK.REGMETA has 5 observations and 4 variables.
NOTE: PROCEDURE FREQ used (Total process time):
      real time           0.04 seconds
      cpu time            0.04 seconds
      

21160      proc print data=WORK.RegMETA label noobs;
MPRINT(EM_DIAGRAM):   proc print data=WORK.RegMETA label noobs;
21161      var ROLE LEVEL COUNT;
MPRINT(EM_DIAGRAM):   var ROLE LEVEL COUNT;
21162      label ROLE = "%sysfunc(sasmsg(sashelp.dmine, meta_role_vlabel, NOQUOTE))" LEVEL = "%sysfunc(sasmsg(sashelp.dmine, meta_level_vlabel, NOQUOTE))" COUNT = "%sysfunc(sasmsg(sashelp.dmine, rpt_count_vlabel, NOQUOTE))";
MPRINT(EM_DIAGRAM):   label ROLE = "Role" LEVEL = "Measurement Level" COUNT = "Frequency Count";
21163      title9 ' ';
MPRINT(EM_DIAGRAM):   title9 ' ';
21164      title10 "%sysfunc(sasmsg(sashelp.dmine, rpt_varSummary_title  , NOQUOTE))";
MPRINT(EM_DIAGRAM):   title10 "Variable Summary";
MPRINT(EM_DIAGRAM):   run;
21165      run;

NOTE: There were 5 observations read from the data set WORK.REGMETA.
NOTE: The PROCEDURE PRINT printed page 1.
NOTE: PROCEDURE PRINT used (Total process time):
      real time           0.03 seconds
      cpu time            0.03 seconds
      

21166      title10;
MPRINT(EM_DIAGRAM):   title10;
21167      %let EMNORLEN = %DMNORLEN;
MPRINT(EM_DIAGRAM):   
EMWS1.Trans_TRAIN EMWS1.Trans_TRAIN 
EMWS1.Trans_TRAIN EMWS1.Trans_TRAIN EMWS1 Trans_TRAIN 
EMWS1.Trans_TRAIN EMWS1.Trans_TRAIN 
EMWS1.Trans_TRAIN EMWS1.Trans_TRAIN EMWS1 Trans_TRAIN 
MPRINT(EM_DIAGRAM):    proc dmdb data=EMWS1.Trans_TRAIN classout=WORK._DMDBCLASSTARGET(keep=NAME NRAW CRAW LEVEL FREQUENCY NMISSPERCENT);
MPRINT(EM_DIAGRAM):   class TARGET_B(DESC) ;
MPRINT(EM_DIAGRAM):   run;
Executing  SASHELP.EMCORE.EMINFOITERATOR.SCL _INIT >> 
Executing  SASHELP.EMCORE.EMINFOITERATOR.SCL setMetaData >> 
Executing  SASHELP.EMCORE.EMINFOITERATOR.SCL next >> 
Executing  SASHELP.EMCORE.EMINFOITERATOR.SCL next >> 
Executing  SASHELP.EMCORE.EMINFOITERATOR.SCL setMetaData >> 
Executing  SASHELP.EMCORE.EMINFOITERATOR.SCL next >> 
Executing  SASHELP.EMCORE.EMINFOITERATOR.SCL next >> 
Executing  SASHELP.EMCORE.EMINFOITERATOR.SCL _term >> 
MPRINT(EM_DIAGRAM):    data _null_;
MPRINT(EM_DIAGRAM):   set WORK._DMDBCLASSTARGET;
MPRINT(EM_DIAGRAM):   where ^(NRAW eq . and CRAW eq '') and NAME="TARGET_B";
MPRINT(EM_DIAGRAM):   if _N_=1 then call symput('_newevent', strip(LEVEL));
MPRINT(EM_DIAGRAM):   run;
MPRINT(EM_DIAGRAM):   proc sort data=WORK._DMDBCLASSTARGET out=_TEMPCLASS(keep=LEVEL FREQUENCY NMISSPERCENT rename=(LEVEL=TARGET_B));
MPRINT(EM_DIAGRAM):   by LEVEL;
MPRINT(EM_DIAGRAM):   where ^(NRAW eq . and CRAW eq '') and NAME="TARGET_B";
MPRINT(EM_DIAGRAM):   run;
MPRINT(EM_DIAGRAM):   data _TEMPCLASS;
MPRINT(EM_DIAGRAM):   set _TEMPCLASS;
MPRINT(EM_DIAGRAM):   NMISSPERCENT= NMISSPERCENT/100;
MPRINT(EM_DIAGRAM):   run;
MPRINT(EM_DIAGRAM):    proc sort data=EMWS1.Ids_TARGET_B_DD out=_sortedDecdata;
MPRINT(EM_DIAGRAM):   by TARGET_B;
MPRINT(EM_DIAGRAM):   run;
MPRINT(EM_DIAGRAM):   data _null_;
MPRINT(EM_DIAGRAM):   merge _TEMPCLASS(in=_a) _sortedDecdata(in=_b);
MPRINT(EM_DIAGRAM):   by TARGET_B;
MPRINT(EM_DIAGRAM):   if (_a and ^_b) or (^_a and _b) then call symput('_emresetDec', '1');
MPRINT(EM_DIAGRAM):   run;
21196      data WORK.Reg_EVENT(KEEP=VARIABLE LABEL LEVEL EVENT NUMLEVELS ORDER);
MPRINT(EM_DIAGRAM):    data WORK.Reg_EVENT(KEEP=VARIABLE LABEL LEVEL EVENT NUMLEVELS ORDER);
21197      length ORDER $20;
MPRINT(EM_DIAGRAM):   length ORDER $20;
21198      label VARIABLE = "%sysfunc(sasmsg(sashelp.dmine, rpt_target_vlabel,  NOQUOTE))" EVENT = "%sysfunc(sasmsg(sashelp.dmine, assmt_event_vlabel, NOQUOTE))" NUMLEVELS = "%sysfunc(sasmsg(sashelp.dmine, rpt_numcat_vlabel, NOQUOTE))" LEVEL =
21199         "%sysfunc(sasmsg(sashelp.dmine, meta_level_vlabel, NOQUOTE))" ORDER = "%sysfunc(sasmsg(sashelp.dmine, meta_order_vlabel, NOQUOTE))" LABEL = "%sysfunc(sasmsg(sashelp.dmine, meta_label_vlabel, NOQUOTE))";
MPRINT(EM_DIAGRAM):   label VARIABLE = "Target" EVENT = "Event" NUMLEVELS = "Number of Levels" LEVEL = "Measurement Level" ORDER = "Order" LABEL = "Label";
21200      set EMWS1.IDS_TARGET_B_DM( where=(_TYPE_="TARGET"));
MPRINT(EM_DIAGRAM):   set EMWS1.IDS_TARGET_B_DM( where=(_TYPE_="TARGET"));
21201      NumLevels=2;
MPRINT(EM_DIAGRAM):   NumLevels=2;
21202      select(upcase(ORDER));
MPRINT(EM_DIAGRAM):   select(upcase(ORDER));
21203      when('DESC') ORDER = 'Descending';
MPRINT(EM_DIAGRAM):   when('DESC') ORDER = 'Descending';
21204      when('ASC') ORDER = 'Ascending';
MPRINT(EM_DIAGRAM):   when('ASC') ORDER = 'Ascending';
21205      when('FMTDESC') ORDER = 'Formatted Descending';
MPRINT(EM_DIAGRAM):   when('FMTDESC') ORDER = 'Formatted Descending';
21206      when('FMTASC') ORDER = 'Formatted Ascending';
MPRINT(EM_DIAGRAM):   when('FMTASC') ORDER = 'Formatted Ascending';
21207      otherwise ORDER = 'Descending';
MPRINT(EM_DIAGRAM):   otherwise ORDER = 'Descending';
21208      end;
MPRINT(EM_DIAGRAM):   end;
21209      output;
MPRINT(EM_DIAGRAM):   output;
21210      run;
MPRINT(EM_DIAGRAM):   run;

NOTE: There were 1 observations read from the data set EMWS1.IDS_TARGET_B_DM.
      WHERE _TYPE_='TARGET';
NOTE: The data set WORK.REG_EVENT has 1 observations and 6 variables.
NOTE: DATA statement used (Total process time):
      real time           0.04 seconds
      cpu time            0.04 seconds
      

21211      title9 ' ';
MPRINT(EM_DIAGRAM):   title9 ' ';
21212      proc print data=WORK.Reg_EVENT noobs label;
MPRINT(EM_DIAGRAM):   proc print data=WORK.Reg_EVENT noobs label;
21213      var VARIABLE EVENT LEVEL NUMLEVELS ORDER LABEL;
MPRINT(EM_DIAGRAM):   var VARIABLE EVENT LEVEL NUMLEVELS ORDER LABEL;
21214      title9 ' ';
MPRINT(EM_DIAGRAM):   title9 ' ';
21215      title10 "%sysfunc(sasmsg(sashelp.dmine, rpt_modelEvent_title  , NOQUOTE))";
MPRINT(EM_DIAGRAM):   title10 "Model Events";
MPRINT(EM_DIAGRAM):   run;
21216      run;

NOTE: There were 1 observations read from the data set WORK.REG_EVENT.
NOTE: The PROCEDURE PRINT printed page 2.
NOTE: PROCEDURE PRINT used (Total process time):
      real time           0.01 seconds
      cpu time            0.01 seconds
      

21217      title10;
MPRINT(EM_DIAGRAM):   title10;
21218      proc print data = EMWS1.Ids_TARGET_B_DD noobs label;
MPRINT(EM_DIAGRAM):    proc print data = EMWS1.Ids_TARGET_B_DD noobs label;
21219      var TARGET_B
21220      TRAINPRIOR
21221      DECISION1
21222      DECISION2
21223      DECPRIOR
21224      ;
MPRINT(EM_DIAGRAM):   var TARGET_B TRAINPRIOR DECISION1 DECISION2 DECPRIOR ;
21225      title9 ' ';
MPRINT(EM_DIAGRAM):   title9 ' ';
21226      title10 "Decision Matrix and Prior Vector";
MPRINT(EM_DIAGRAM):   title10 "Decision Matrix and Prior Vector";
MPRINT(EM_DIAGRAM):   run;
21227      run;

NOTE: There were 2 observations read from the data set EMWS1.IDS_TARGET_B_DD.
NOTE: The PROCEDURE PRINT printed page 3.
NOTE: PROCEDURE PRINT used (Total process time):
      real time           0.01 seconds
      cpu time            0.01 seconds
      

21228      title10;
MPRINT(EM_DIAGRAM):   title10;
21229      proc print data = EMWS1.Ids_TARGET_B_DM noobs label;
MPRINT(EM_DIAGRAM):   proc print data = EMWS1.Ids_TARGET_B_DM noobs label;
21230      var _type_ variable label;
MPRINT(EM_DIAGRAM):   var _type_ variable label;
21231      where _type_ ^in('MATRIX', 'DECISION', 'TRAINPRIOR', 'DATAPRIOR', 'DECPRIOR');
MPRINT(EM_DIAGRAM):   where _type_ ^in('MATRIX', 'DECISION', 'TRAINPRIOR', 'DATAPRIOR', 'DECPRIOR');
21232      label _TYPE_ = "%sysfunc(sasmsg(sashelp.dmine, rpt_type_vlabel,     NOQUOTE))" VARIABLE = "%sysfunc(sasmsg(sashelp.dmine, rpt_variable_vlabel, NOQUOTE))" LABEL = "%sysfunc(sasmsg(sashelp.dmine, meta_label_vlabel, NOQUOTE))";
MPRINT(EM_DIAGRAM):   label _TYPE_ = "Type" VARIABLE = "Variable" LABEL = "Label";
21233      title9 ' ';
MPRINT(EM_DIAGRAM):   title9 ' ';
21234      title10 "%sysfunc(sasmsg(sashelp.dmine, rpt_predDecVars_title  , NOQUOTE))";
MPRINT(EM_DIAGRAM):   title10 "Predicted and decision variables";
MPRINT(EM_DIAGRAM):   run;
21235      run;

NOTE: There were 11 observations read from the data set EMWS1.IDS_TARGET_B_DM.
      WHERE _type_ not in ('DATAPRIOR', 'DECISION', 'DECPRIOR', 'MATRIX', 'TRAINPRIOR');
NOTE: The PROCEDURE PRINT printed page 4.
NOTE: PROCEDURE PRINT used (Total process time):
      real time           0.03 seconds
      cpu time            0.03 seconds
      

21236      title10;
MPRINT(EM_DIAGRAM):   title10;
MPRINT(EM_DIAGRAM):    *------------------------------------------------------------*;
MPRINT(EM_DIAGRAM):   * Reg: Preparing metadata for Training *------------------------------------------------------------*;
MPRINT(EM_DIAGRAM):   data WORK.M0EZ69V1;
MPRINT(EM_DIAGRAM):   set WORK.M0EZ69V1;
MPRINT(EM_DIAGRAM):   where use = 'Y' or (role = 'INPUT' and use = 'D') ;
MPRINT(EM_DIAGRAM):   if (role = 'REJECTED') then role = 'INPUT';
MPRINT(EM_DIAGRAM):   if use = 'D' then use = 'Y';
MPRINT(EM_DIAGRAM):   run;
21246      data WORK.M0EZ69V1;
MPRINT(EM_DIAGRAM):    data WORK.M0EZ69V1;
21247      set WORK.M0EZ69V1 end=eof;
MPRINT(EM_DIAGRAM):   set WORK.M0EZ69V1 end=eof;
21248      output;
MPRINT(EM_DIAGRAM):   output;
21249      if eof then do;
MPRINT(EM_DIAGRAM):   if eof then do;
21250      NAME="";
MPRINT(EM_DIAGRAM):   NAME="";
21251      ROLE="COST";
MPRINT(EM_DIAGRAM):   ROLE="COST";
21252      LEVEL="INTERVAL";
MPRINT(EM_DIAGRAM):   LEVEL="INTERVAL";
21253      TYPE="N";
MPRINT(EM_DIAGRAM):   TYPE="N";
21254      output;
MPRINT(EM_DIAGRAM):   output;
21255      end;
MPRINT(EM_DIAGRAM):   end;
21256      run;
MPRINT(EM_DIAGRAM):   run;

NOTE: There were 48 observations read from the data set WORK.M0EZ69V1.
NOTE: The data set WORK.M0EZ69V1 has 49 observations and 21 variables.
NOTE: DATA statement used (Total process time):
      real time           0.00 seconds
      cpu time            0.00 seconds
      

NOTE: There were 2 observations read from the data set EMWS1.IDS_TARGET_B_DD.
NOTE: The data set WORK.TARGET_B has 2 observations and 7 variables.
21257      *------------------------------------------------------------*;
MPRINT(EM_DIAGRAM):    *------------------------------------------------------------*;
21258      * Reg: Create decision matrix;
MPRINT(EM_DIAGRAM):   * Reg: Create decision matrix;
21259      *------------------------------------------------------------*;
MPRINT(EM_DIAGRAM):   *------------------------------------------------------------*;
21260      data WORK.TARGET_B;
MPRINT(EM_DIAGRAM):   data WORK.TARGET_B;
21261        length   TARGET_B                         $  32
21262                 COUNT                                8
21263                 DATAPRIOR                            8
21264                 TRAINPRIOR                           8
21265                 DECPRIOR                             8
21266                 DECISION1                            8
21267                 DECISION2                            8
21268                 ;
MPRINT(EM_DIAGRAM):   length TARGET_B $ 32 COUNT 8 DATAPRIOR 8 TRAINPRIOR 8 DECPRIOR 8 DECISION1 8 DECISION2 8 ;
21269      
21270        label    COUNT="Level Counts"
21271                 DATAPRIOR="Data Proportions"
21272                 TRAINPRIOR="Training Proportions"
21273                 DECPRIOR="Decision Priors"
21274                 DECISION1="1"
21275                 DECISION2="0"
21276                 ;
MPRINT(EM_DIAGRAM):   label COUNT= "Level Counts" DATAPRIOR= "Data Proportions" TRAINPRIOR= "Training Proportions" DECPRIOR= "Decision Priors" DECISION1= "1" DECISION2= "0" ;
21277        format   COUNT 10.
21278                 ;
MPRINT(EM_DIAGRAM):   format COUNT 10. ;
21279      TARGET_B="1"; COUNT=4843; DATAPRIOR=0.25; TRAINPRIOR=0.25; DECPRIOR=0.05; DECISION1=14.5; DECISION2=0;
MPRINT(EM_DIAGRAM):   TARGET_B="1";
MPRINT(EM_DIAGRAM):   COUNT=4843;
MPRINT(EM_DIAGRAM):   DATAPRIOR=0.25;
MPRINT(EM_DIAGRAM):   TRAINPRIOR=0.25;
MPRINT(EM_DIAGRAM):   DECPRIOR=0.05;
MPRINT(EM_DIAGRAM):   DECISION1=14.5;
MPRINT(EM_DIAGRAM):   DECISION2=0;
21280      output;
MPRINT(EM_DIAGRAM):   output;
21281      TARGET_B="0"; COUNT=14529; DATAPRIOR=0.75; TRAINPRIOR=0.75; DECPRIOR=0.95; DECISION1=-0.5; DECISION2=0;
MPRINT(EM_DIAGRAM):   TARGET_B="0";
MPRINT(EM_DIAGRAM):   COUNT=14529;
MPRINT(EM_DIAGRAM):   DATAPRIOR=0.75;
MPRINT(EM_DIAGRAM):   TRAINPRIOR=0.75;
MPRINT(EM_DIAGRAM):   DECPRIOR=0.95;
MPRINT(EM_DIAGRAM):   DECISION1=-0.5;
MPRINT(EM_DIAGRAM):   DECISION2=0;
21282      output;
MPRINT(EM_DIAGRAM):   output;
21283      ;
MPRINT(EM_DIAGRAM):   ;
21284      run;
MPRINT(EM_DIAGRAM):   run;

NOTE: The data set WORK.TARGET_B has 2 observations and 7 variables.
NOTE: DATA statement used (Total process time):
      real time           0.01 seconds
      cpu time            0.01 seconds
      

21285      proc datasets lib=work nolist;
MPRINT(EM_DIAGRAM):   proc datasets lib=work nolist;
21286      modify TARGET_B(type=PROFIT label=TARGET_B);
MPRINT(EM_DIAGRAM):   modify TARGET_B(type=PROFIT label= TARGET_B);
MPRINT(EM_DIAGRAM):   label DECISION1= '1';
MPRINT(EM_DIAGRAM):   label DECISION2= '0';
MPRINT(EM_DIAGRAM):   run;
21287      label DECISION1= '1';
21288      label DECISION2= '0';
21289      run;

NOTE: MODIFY was successful for WORK.TARGET_B.DATA.
21290      quit;
MPRINT(EM_DIAGRAM):   quit;

NOTE: PROCEDURE DATASETS used (Total process time):
      real time           0.01 seconds
      cpu time            0.01 seconds
      

21291      data EM_DMREG / view=EM_DMREG;
MPRINT(EM_DIAGRAM):   data EM_DMREG / view=EM_DMREG;
21292      set EMWS1.Trans_TRAIN(keep=
21293      CARD_PROM_12 CLUSTER_CODE FILE_CARD_GIFT FREQUENCY_STATUS_97NK HOME_OWNER
21294      IMP_DONOR_AGE IMP_INCOME_GROUP IMP_MONTHS_SINCE_LAST_PROM_RESP IMP_REP_SES
21295      IMP_REP_URBANICITY IMP_WEALTH_RATING IN_HOUSE LG10_FILE_AVG_GIFT
21296      LG10_LAST_GIFT_AMT LG10_LIFETIME_AVG_GIFT_AMT LG10_LIFETIME_GIFT_AMOUNT
21297      LIFETIME_GIFT_RANGE LIFETIME_MAX_GIFT_AMT LIFETIME_MIN_GIFT_AMT LIFETIME_PROM
21298      MONTHS_SINCE_FIRST_GIFT MONTHS_SINCE_LAST_GIFT MONTHS_SINCE_ORIGIN MOR_HIT_RATE
21299      NUMBER_PROM_12 OPT_LIFETIME_CARD_PROM OPT_LIFETIME_GIFT_COUNT
21300      OPT_MEDIAN_HOME_VALUE OPT_MEDIAN_HOUSEHOLD_INCOME OPT_PER_CAPITA_INCOME
21301      OPT_RECENT_RESPONSE_PROP OPT_RECENT_STAR_STATUS OVERLAY_SOURCE PCT_ATTRIBUTE1
21302      PCT_ATTRIBUTE2 PCT_ATTRIBUTE3 PCT_ATTRIBUTE4 PCT_OWNER_OCCUPIED PEP_STAR
21303      PUBLISHED_PHONE RECENCY_STATUS_96NK RECENT_AVG_CARD_GIFT_AMT
21304      RECENT_AVG_GIFT_AMT RECENT_CARD_RESPONSE_COUNT RECENT_CARD_RESPONSE_PROP
21305      RECENT_RESPONSE_COUNT REP_DONOR_GENDER TARGET_B );
MPRINT(EM_DIAGRAM):   set EMWS1.Trans_TRAIN(keep= CARD_PROM_12 CLUSTER_CODE FILE_CARD_GIFT FREQUENCY_STATUS_97NK HOME_OWNER IMP_DONOR_AGE IMP_INCOME_GROUP IMP_MONTHS_SINCE_LAST_PROM_RESP IMP_REP_SES IMP_REP_URBANICITY IMP_WEALTH_RATING IN_HOUSE 
LG10_FILE_AVG_GIFT LG10_LAST_GIFT_AMT LG10_LIFETIME_AVG_GIFT_AMT LG10_LIFETIME_GIFT_AMOUNT LIFETIME_GIFT_RANGE LIFETIME_MAX_GIFT_AMT LIFETIME_MIN_GIFT_AMT LIFETIME_PROM MONTHS_SINCE_FIRST_GIFT MONTHS_SINCE_LAST_GIFT MONTHS_SINCE_ORIGIN MOR_HIT_RATE 
NUMBER_PROM_12 OPT_LIFETIME_CARD_PROM OPT_LIFETIME_GIFT_COUNT OPT_MEDIAN_HOME_VALUE OPT_MEDIAN_HOUSEHOLD_INCOME OPT_PER_CAPITA_INCOME OPT_RECENT_RESPONSE_PROP OPT_RECENT_STAR_STATUS OVERLAY_SOURCE PCT_ATTRIBUTE1 PCT_ATTRIBUTE2 PCT_ATTRIBUTE3 
PCT_ATTRIBUTE4 PCT_OWNER_OCCUPIED PEP_STAR PUBLISHED_PHONE RECENCY_STATUS_96NK RECENT_AVG_CARD_GIFT_AMT RECENT_AVG_GIFT_AMT RECENT_CARD_RESPONSE_COUNT RECENT_CARD_RESPONSE_PROP RECENT_RESPONSE_COUNT REP_DONOR_GENDER TARGET_B );
21306      run;
MPRINT(EM_DIAGRAM):   run;

NOTE: DATA STEP view saved on file WORK.EM_DMREG.
NOTE: A stored DATA STEP view cannot run under a different operating system.
NOTE: View EMWS1.TRANS_TRAIN.VIEW used (Total process time):
      real time           0.20 seconds
      cpu time            0.18 seconds
      
NOTE: DATA statement used (Total process time):
      real time           0.25 seconds
      cpu time            0.23 seconds
      

MPRINT(EM_DIAGRAM):   *------------------------------------------------------------* ;
MPRINT(EM_DIAGRAM):   * Reg: DMDBClass Macro ;
MPRINT(EM_DIAGRAM):   *------------------------------------------------------------* ;
21307      *------------------------------------------------------------* ;
21308      * Reg: DMDBClass Macro ;
21309      *------------------------------------------------------------* ;
21310      %macro DMDBClass;
21311          CARD_PROM_12(ASC) CLUSTER_CODE(ASC) FREQUENCY_STATUS_97NK(ASC) HOME_OWNER(ASC)
21312         IMP_INCOME_GROUP(ASC) IMP_REP_SES(ASC) IMP_REP_URBANICITY(ASC)
21313         IMP_WEALTH_RATING(ASC) IN_HOUSE(ASC) OPT_LIFETIME_CARD_PROM(ASC)
21314         OPT_LIFETIME_GIFT_COUNT(ASC) OPT_MEDIAN_HOME_VALUE(ASC)
21315         OPT_MEDIAN_HOUSEHOLD_INCOME(ASC) OPT_PER_CAPITA_INCOME(ASC)
21316         OPT_RECENT_RESPONSE_PROP(ASC) OPT_RECENT_STAR_STATUS(ASC) OVERLAY_SOURCE(ASC)
21317         PEP_STAR(ASC) PUBLISHED_PHONE(ASC) RECENCY_STATUS_96NK(ASC)
21318         RECENT_CARD_RESPONSE_COUNT(ASC) RECENT_RESPONSE_COUNT(ASC)
21319         REP_DONOR_GENDER(ASC) TARGET_B(DESC)
21320      %mend DMDBClass;
21321      *------------------------------------------------------------* ;
MPRINT(EM_DIAGRAM):   *------------------------------------------------------------* ;
21322      * Reg: DMDBVar Macro ;
MPRINT(EM_DIAGRAM):   * Reg: DMDBVar Macro ;
21323      *------------------------------------------------------------* ;
MPRINT(EM_DIAGRAM):   *------------------------------------------------------------* ;
21324      %macro DMDBVar;
21325          FILE_CARD_GIFT IMP_DONOR_AGE IMP_MONTHS_SINCE_LAST_PROM_RESP
21326         LG10_FILE_AVG_GIFT LG10_LAST_GIFT_AMT LG10_LIFETIME_AVG_GIFT_AMT
21327         LG10_LIFETIME_GIFT_AMOUNT LIFETIME_GIFT_RANGE LIFETIME_MAX_GIFT_AMT
21328         LIFETIME_MIN_GIFT_AMT LIFETIME_PROM MONTHS_SINCE_FIRST_GIFT
21329         MONTHS_SINCE_LAST_GIFT MONTHS_SINCE_ORIGIN MOR_HIT_RATE NUMBER_PROM_12
21330         PCT_ATTRIBUTE1 PCT_ATTRIBUTE2 PCT_ATTRIBUTE3 PCT_ATTRIBUTE4 PCT_OWNER_OCCUPIED
21331         RECENT_AVG_CARD_GIFT_AMT RECENT_AVG_GIFT_AMT RECENT_CARD_RESPONSE_PROP
21332      %mend DMDBVar;
21333      *------------------------------------------------------------*;
MPRINT(EM_DIAGRAM):   *------------------------------------------------------------*;
21334      * Reg: Create DMDB;
MPRINT(EM_DIAGRAM):   * Reg: Create DMDB;
21335      *------------------------------------------------------------*;
MPRINT(EM_DIAGRAM):   *------------------------------------------------------------*;
21336      proc dmdb batch data=WORK.EM_DMREG
21337      dmdbcat=WORK.Reg_DMDB
21338      maxlevel = 513
21339      ;
MPRINT(EM_DIAGRAM):   proc dmdb batch data=WORK.EM_DMREG dmdbcat=WORK.Reg_DMDB maxlevel = 513 ;
MPRINT(EM_DIAGRAM):   class
21340      class %DMDBClass;
MPRINT(DMDBCLASS):   CARD_PROM_12(ASC) CLUSTER_CODE(ASC) FREQUENCY_STATUS_97NK(ASC) HOME_OWNER(ASC) IMP_INCOME_GROUP(ASC) IMP_REP_SES(ASC) IMP_REP_URBANICITY(ASC) IMP_WEALTH_RATING(ASC) IN_HOUSE(ASC) OPT_LIFETIME_CARD_PROM(ASC) 
OPT_LIFETIME_GIFT_COUNT(ASC) OPT_MEDIAN_HOME_VALUE(ASC) OPT_MEDIAN_HOUSEHOLD_INCOME(ASC) OPT_PER_CAPITA_INCOME(ASC) OPT_RECENT_RESPONSE_PROP(ASC) OPT_RECENT_STAR_STATUS(ASC) OVERLAY_SOURCE(ASC) PEP_STAR(ASC) PUBLISHED_PHONE(ASC) RECENCY_STATUS_96NK(ASC) 
RECENT_CARD_RESPONSE_COUNT(ASC) RECENT_RESPONSE_COUNT(ASC) REP_DONOR_GENDER(ASC) TARGET_B(DESC)
MPRINT(EM_DIAGRAM):  ;
MPRINT(EM_DIAGRAM):   var
21341      var %DMDBVar;
MPRINT(DMDBVAR):   FILE_CARD_GIFT IMP_DONOR_AGE IMP_MONTHS_SINCE_LAST_PROM_RESP LG10_FILE_AVG_GIFT LG10_LAST_GIFT_AMT LG10_LIFETIME_AVG_GIFT_AMT LG10_LIFETIME_GIFT_AMOUNT LIFETIME_GIFT_RANGE LIFETIME_MAX_GIFT_AMT LIFETIME_MIN_GIFT_AMT LIFETIME_PROM 
MONTHS_SINCE_FIRST_GIFT MONTHS_SINCE_LAST_GIFT MONTHS_SINCE_ORIGIN MOR_HIT_RATE NUMBER_PROM_12 PCT_ATTRIBUTE1 PCT_ATTRIBUTE2 PCT_ATTRIBUTE3 PCT_ATTRIBUTE4 PCT_OWNER_OCCUPIED RECENT_AVG_CARD_GIFT_AMT RECENT_AVG_GIFT_AMT RECENT_CARD_RESPONSE_PROP
MPRINT(EM_DIAGRAM):  ;
21342      target
21343      TARGET_B
21344      ;
MPRINT(EM_DIAGRAM):   target TARGET_B ;
21345      run;
MPRINT(EM_DIAGRAM):   run;

NOTE: Variable _WARN_ is uninitialized.
NOTE: Records processed = 10654   Memory used = 511K.
NOTE: There were 10654 observations read from the data set EMWS1.PART_TRAIN.
NOTE: There were 10654 observations read from the data set EMWS1.REPL_TRAIN.
NOTE: There were 10654 observations read from the data set EMWS1.IMPT_TRAIN.
NOTE: View WORK.EM_DMREG.VIEW used (Total process time):
      real time           0.42 seconds
      cpu time            0.42 seconds
      
NOTE: There were 10654 observations read from the data set EMWS1.TRANS_TRAIN.
NOTE: There were 10654 observations read from the data set WORK.EM_DMREG.
NOTE: PROCEDURE DMDB used (Total process time):
      real time           0.43 seconds
      cpu time            0.43 seconds
      

MPRINT(EM_DIAGRAM):   quit;
MPRINT(EM_DIAGRAM):   *--- end code ---*;
21346      quit;
21347      *--- end code ---*;

21348      *------------------------------------------------------------*;
MPRINT(EM_DIAGRAM):    *------------------------------------------------------------*;
21349      * Reg: Run DMREG procedure;
MPRINT(EM_DIAGRAM):   * Reg: Run DMREG procedure;
21350      *------------------------------------------------------------*;
MPRINT(EM_DIAGRAM):   *------------------------------------------------------------*;
21351      proc dmreg data=EM_DMREG dmdbcat=WORK.Reg_DMDB
21352      validata = EMWS1.Trans_VALIDATE
21353      outest = EMWS1.Reg_EMESTIMATE
21354      outterms = EMWS1.Reg_OUTTERMS
21355      outmap= EMWS1.Reg_MAPDS namelen=200
21356      ;
MPRINT(EM_DIAGRAM):   proc dmreg data=EM_DMREG dmdbcat=WORK.Reg_DMDB validata = EMWS1.Trans_VALIDATE outest = EMWS1.Reg_EMESTIMATE outterms = EMWS1.Reg_OUTTERMS outmap= EMWS1.Reg_MAPDS namelen=200 ;
21357      class
21358      TARGET_B
21359      CARD_PROM_12
21360      CLUSTER_CODE
21361      FREQUENCY_STATUS_97NK
21362      HOME_OWNER
21363      IMP_INCOME_GROUP
21364      IMP_REP_SES
21365      IMP_REP_URBANICITY
21366      IMP_WEALTH_RATING
21367      IN_HOUSE
21368      OPT_LIFETIME_CARD_PROM
21369      OPT_LIFETIME_GIFT_COUNT
21370      OPT_MEDIAN_HOME_VALUE
21371      OPT_MEDIAN_HOUSEHOLD_INCOME
21372      OPT_PER_CAPITA_INCOME
21373      OPT_RECENT_RESPONSE_PROP
21374      OPT_RECENT_STAR_STATUS
21375      OVERLAY_SOURCE
21376      PEP_STAR
21377      PUBLISHED_PHONE
21378      RECENCY_STATUS_96NK
21379      RECENT_CARD_RESPONSE_COUNT
21380      RECENT_RESPONSE_COUNT
21381      REP_DONOR_GENDER
21382      ;
MPRINT(EM_DIAGRAM):   class TARGET_B CARD_PROM_12 CLUSTER_CODE FREQUENCY_STATUS_97NK HOME_OWNER IMP_INCOME_GROUP IMP_REP_SES IMP_REP_URBANICITY IMP_WEALTH_RATING IN_HOUSE OPT_LIFETIME_CARD_PROM OPT_LIFETIME_GIFT_COUNT OPT_MEDIAN_HOME_VALUE 
OPT_MEDIAN_HOUSEHOLD_INCOME OPT_PER_CAPITA_INCOME OPT_RECENT_RESPONSE_PROP OPT_RECENT_STAR_STATUS OVERLAY_SOURCE PEP_STAR PUBLISHED_PHONE RECENCY_STATUS_96NK RECENT_CARD_RESPONSE_COUNT RECENT_RESPONSE_COUNT REP_DONOR_GENDER ;
21383      model TARGET_B =
21384      CARD_PROM_12
21385      CLUSTER_CODE
21386      FILE_CARD_GIFT
21387      FREQUENCY_STATUS_97NK
21388      HOME_OWNER
21389      IMP_DONOR_AGE
21390      IMP_INCOME_GROUP
21391      IMP_MONTHS_SINCE_LAST_PROM_RESP
21392      IMP_REP_SES
21393      IMP_REP_URBANICITY
21394      IMP_WEALTH_RATING
21395      IN_HOUSE
21396      LG10_FILE_AVG_GIFT
21397      LG10_LAST_GIFT_AMT
21398      LG10_LIFETIME_AVG_GIFT_AMT
21399      LG10_LIFETIME_GIFT_AMOUNT
21400      LIFETIME_GIFT_RANGE
21401      LIFETIME_MAX_GIFT_AMT
21402      LIFETIME_MIN_GIFT_AMT
21403      LIFETIME_PROM
21404      MONTHS_SINCE_FIRST_GIFT
21405      MONTHS_SINCE_LAST_GIFT
21406      MONTHS_SINCE_ORIGIN
21407      MOR_HIT_RATE
21408      NUMBER_PROM_12
21409      OPT_LIFETIME_CARD_PROM
21410      OPT_LIFETIME_GIFT_COUNT
21411      OPT_MEDIAN_HOME_VALUE
21412      OPT_MEDIAN_HOUSEHOLD_INCOME
21413      OPT_PER_CAPITA_INCOME
21414      OPT_RECENT_RESPONSE_PROP
21415      OPT_RECENT_STAR_STATUS
21416      OVERLAY_SOURCE
21417      PCT_ATTRIBUTE1
21418      PCT_ATTRIBUTE2
21419      PCT_ATTRIBUTE3
21420      PCT_ATTRIBUTE4
21421      PCT_OWNER_OCCUPIED
21422      PEP_STAR
21423      PUBLISHED_PHONE
21424      RECENCY_STATUS_96NK
21425      RECENT_AVG_CARD_GIFT_AMT
21426      RECENT_AVG_GIFT_AMT
21427      RECENT_CARD_RESPONSE_COUNT
21428      RECENT_CARD_RESPONSE_PROP
21429      RECENT_RESPONSE_COUNT
21430      REP_DONOR_GENDER
21431      /error=binomial link=LOGIT
21432      coding=DEVIATION
21433      nodesignprint
21434      selection=STEPWISE choose=VDECDATA
21435      Hierarchy=CLASS
21436      Rule=NONE
21437      ;
MPRINT(EM_DIAGRAM):   model TARGET_B = CARD_PROM_12 CLUSTER_CODE FILE_CARD_GIFT FREQUENCY_STATUS_97NK HOME_OWNER IMP_DONOR_AGE IMP_INCOME_GROUP IMP_MONTHS_SINCE_LAST_PROM_RESP IMP_REP_SES IMP_REP_URBANICITY IMP_WEALTH_RATING IN_HOUSE LG10_FILE_AVG_GIFT 
LG10_LAST_GIFT_AMT LG10_LIFETIME_AVG_GIFT_AMT LG10_LIFETIME_GIFT_AMOUNT LIFETIME_GIFT_RANGE LIFETIME_MAX_GIFT_AMT LIFETIME_MIN_GIFT_AMT LIFETIME_PROM MONTHS_SINCE_FIRST_GIFT MONTHS_SINCE_LAST_GIFT MONTHS_SINCE_ORIGIN MOR_HIT_RATE NUMBER_PROM_12 
OPT_LIFETIME_CARD_PROM OPT_LIFETIME_GIFT_COUNT OPT_MEDIAN_HOME_VALUE OPT_MEDIAN_HOUSEHOLD_INCOME OPT_PER_CAPITA_INCOME OPT_RECENT_RESPONSE_PROP OPT_RECENT_STAR_STATUS OVERLAY_SOURCE PCT_ATTRIBUTE1 PCT_ATTRIBUTE2 PCT_ATTRIBUTE3 PCT_ATTRIBUTE4 
PCT_OWNER_OCCUPIED PEP_STAR PUBLISHED_PHONE RECENCY_STATUS_96NK RECENT_AVG_CARD_GIFT_AMT RECENT_AVG_GIFT_AMT RECENT_CARD_RESPONSE_COUNT RECENT_CARD_RESPONSE_PROP RECENT_RESPONSE_COUNT REP_DONOR_GENDER /error=binomial link=LOGIT coding=DEVIATION 
nodesignprint selection=STEPWISE choose=VDECDATA Hierarchy=CLASS Rule=NONE ;
21438      ;
MPRINT(EM_DIAGRAM):   ;
21439      decision decdata=WORK.TARGET_B
21440      decvars=
21441      DECISION1
21442      DECISION2
21443      priorVar=DECPRIOR
21444      ;
MPRINT(EM_DIAGRAM):   decision decdata=WORK.TARGET_B decvars= DECISION1 DECISION2 priorVar=DECPRIOR ;
21445      code file="C:\Users\sakerb01\Desktop\SAS EM 12.3 Tutorials _ Projects\Getting Started Charitable Giving Example\Workspaces\EMWS1\Reg\EMPUBLISHSCORE.sas"
21446      group=Reg
21447      ;
MPRINT(EM_DIAGRAM):   code file="C:\Users\sakerb01\Desktop\SAS EM 12.3 Tutorials _ Projects\Getting Started Charitable Giving Example\Workspaces\EMWS1\Reg\EMPUBLISHSCORE.sas" group=Reg ;
21448      code file="C:\Users\sakerb01\Desktop\SAS EM 12.3 Tutorials _ Projects\Getting Started Charitable Giving Example\Workspaces\EMWS1\Reg\EMFLOWSCORE.sas"
21449      group=Reg
21450      residual
21451      ;
MPRINT(EM_DIAGRAM):   code file="C:\Users\sakerb01\Desktop\SAS EM 12.3 Tutorials _ Projects\Getting Started Charitable Giving Example\Workspaces\EMWS1\Reg\EMFLOWSCORE.sas" group=Reg residual ;
21452      run;
MPRINT(EM_DIAGRAM):   run;

NOTE: Variable _WARN_ is uninitialized.

NOTE: PROC DMREG is modeling the probability that TARGET_B=1.
NOTE: Convergence criterion (ABSGCONV=0.00001) satisfied.
NOTE: Variable _WARN_ is uninitialized.
NOTE: Convergence criterion (GCONV=1E-6) satisfied.
NOTE: Convergence criterion (GCONV=1E-6) satisfied.
NOTE: Convergence criterion (GCONV=1E-6) satisfied.
NOTE: Convergence criterion (GCONV=1E-6) satisfied.
NOTE: Convergence criterion (GCONV=1E-6) satisfied.
NOTE: At least one element of the gradient is greater than 1e-3.
NOTE: Convergence criterion (GCONV=1E-6) satisfied.
NOTE: At least one element of the gradient is greater than 1e-3.
NOTE: Convergence criterion (GCONV=1E-6) satisfied.
NOTE: At least one element of the gradient is greater than 1e-3.
NOTE: Convergence criterion (GCONV=1E-6) satisfied.
NOTE: At least one element of the gradient is greater than 1e-3.
NOTE: Convergence criterion (GCONV=1E-6) satisfied.
NOTE: At least one element of the gradient is greater than 1e-3.
NOTE: Convergence criterion (GCONV=1E-6) satisfied.
NOTE: At least one element of the gradient is greater than 1e-3.
NOTE: Convergence criterion (GCONV=1E-6) satisfied.
NOTE: At least one element of the gradient is greater than 1e-3.
NOTE: Convergence criterion (GCONV=1E-6) satisfied.
NOTE: At least one element of the gradient is greater than 1e-3.
NOTE: External file C:\Users\sakerb01\Desktop\SAS EM 12.3 Tutorials _ Projects\Getting Started Charitable Giving Example\Workspaces\EMWS1\Reg\EMPUBLISHSCORE.sas opened.
NOTE: External file C:\Users\sakerb01\Desktop\SAS EM 12.3 Tutorials _ Projects\Getting Started Charitable Giving Example\Workspaces\EMWS1\Reg\EMFLOWSCORE.sas opened.
NOTE: There were 8718 observations read from the data set EMWS1.PART_VALIDATE.
NOTE: There were 8718 observations read from the data set EMWS1.REPL_VALIDATE.
NOTE: View EMWS1.TRANS_VALIDATE.VIEW used (Total process time):
      real time           8.98 seconds
      cpu time            8.29 seconds
      
NOTE: There were 8718 observations read from the data set EMWS1.IMPT_VALIDATE.
NOTE: There were 10654 observations read from the data set EMWS1.PART_TRAIN.
NOTE: There were 10654 observations read from the data set EMWS1.REPL_TRAIN.
NOTE: There were 10654 observations read from the data set EMWS1.IMPT_TRAIN.
NOTE: View WORK.EM_DMREG.VIEW used (Total process time):
      real time           9.26 seconds
      cpu time            8.59 seconds
      
NOTE: There were 10654 observations read from the data set EMWS1.TRANS_TRAIN.
NOTE: There were 10654 observations read from the data set WORK.EM_DMREG.
NOTE: There were 8718 observations read from the data set EMWS1.TRANS_VALIDATE.
NOTE: The data set EMWS1.REG_EMESTIMATE has 42 observations and 206 variables.
NOTE: The data set EMWS1.REG_OUTTERMS has 6 observations and 6 variables.
NOTE: The data set EMWS1.REG_MAPDS has 2 observations and 167 variables.
NOTE: The PROCEDURE DMREG printed pages 5-18.
NOTE: PROCEDURE DMREG used (Total process time):
      real time           9.34 seconds
      cpu time            8.64 seconds
      

MPRINT(EM_DIAGRAM):   quit;
21453      quit;

21454      proc datasets lib=WORK nolist;
MPRINT(EM_DIAGRAM):    proc datasets lib=WORK nolist;
21455      delete Reg_DMDB;
MPRINT(EM_DIAGRAM):   delete Reg_DMDB;
21456      run;
MPRINT(EM_DIAGRAM):   run;

NOTE: The file WORK.REG_DMDB (memtype=DATA) was not found, but appears on a DELETE statement.
21457      quit;
MPRINT(EM_DIAGRAM):   quit;

NOTE: PROCEDURE DATASETS used (Total process time):
      real time           0.01 seconds
      cpu time            0.01 seconds
      

21458      proc datasets lib=WORK nolist;
MPRINT(EM_DIAGRAM):    proc datasets lib=WORK nolist;
21459      delete Reg_DMDB / memtype=catalog;
MPRINT(EM_DIAGRAM):   delete Reg_DMDB / memtype=catalog;
21460      run;
MPRINT(EM_DIAGRAM):   run;

NOTE: Deleting WORK.REG_DMDB (memtype=CATALOG).
21461      quit;
MPRINT(EM_DIAGRAM):   quit;

NOTE: PROCEDURE DATASETS used (Total process time):
      real time           0.03 seconds
      cpu time            0.03 seconds
      

21462      data WORK.ESTIMATE;
MPRINT(EM_DIAGRAM):    data WORK.ESTIMATE;
21463      length _NAME_ $32;
MPRINT(EM_DIAGRAM):   length _NAME_ $32;
21464      set EMWS1.Reg_EMESTIMATE;
MPRINT(EM_DIAGRAM):   set EMWS1.Reg_EMESTIMATE;
21465      drop _AIC_--_VAPROF_;
MPRINT(EM_DIAGRAM):   drop _AIC_--_VAPROF_;
21466      where _CHOSEN_ ne '' and _TYPE_ in('PARMS', 'T', 'P');
MPRINT(EM_DIAGRAM):   where _CHOSEN_ ne '' and _TYPE_ in('PARMS', 'T', 'P');
21467      drop _STEP_ _CHOSEN_;
MPRINT(EM_DIAGRAM):   drop _STEP_ _CHOSEN_;
21468      select(_TYPE_);
MPRINT(EM_DIAGRAM):   select(_TYPE_);
21469      when('PARMS') _NAME_='Coefficient';
MPRINT(EM_DIAGRAM):   when('PARMS') _NAME_='Coefficient';
21470      when('T') _NAME_='tValue';
MPRINT(EM_DIAGRAM):   when('T') _NAME_='tValue';
21471      when('P') _NAME_='PValue';
MPRINT(EM_DIAGRAM):   when('P') _NAME_='PValue';
21472      otherwise;
MPRINT(EM_DIAGRAM):   otherwise;
21473      end;
MPRINT(EM_DIAGRAM):   end;
21474      run;
MPRINT(EM_DIAGRAM):   run;

NOTE: There were 3 observations read from the data set EMWS1.REG_EMESTIMATE.
      WHERE (_CHOSEN_ not = ' ') and _TYPE_ in ('P', 'PARMS', 'T');
NOTE: The data set WORK.ESTIMATE has 3 observations and 168 variables.
NOTE: DATA statement used (Total process time):
      real time           0.03 seconds
      cpu time            0.03 seconds
      

21475      proc transpose data=WORK.ESTIMATE out=WORK.ESTIMATE(rename=(_NAME_=Effect));
MPRINT(EM_DIAGRAM):   proc transpose data=WORK.ESTIMATE out=WORK.ESTIMATE(rename=(_NAME_=Effect));
21476      run;
MPRINT(EM_DIAGRAM):   run;

NOTE: There were 3 observations read from the data set WORK.ESTIMATE.
NOTE: The data set WORK.ESTIMATE has 166 observations and 5 variables.
NOTE: PROCEDURE TRANSPOSE used (Total process time):
      real time           0.01 seconds
      cpu time            0.01 seconds
      

21477      proc transpose data=EMWS1.Reg_MAPDS out=WORK.MAP(rename=(_NAME_=Effect INPUT=Variable
21478      ));
MPRINT(EM_DIAGRAM):   proc transpose data=EMWS1.Reg_MAPDS out=WORK.MAP(rename=(_NAME_=Effect INPUT=Variable ));
21479      var 'CARD_PROM_120'n--'REP_DONOR_GENDERU'n;
MPRINT(EM_DIAGRAM):   var 'CARD_PROM_120'n--'REP_DONOR_GENDERU'n;
21480      run;
MPRINT(EM_DIAGRAM):   run;

NOTE: There were 2 observations read from the data set EMWS1.REG_MAPDS.
NOTE: The data set WORK.MAP has 165 observations and 4 variables.
NOTE: PROCEDURE TRANSPOSE used (Total process time):
      real time           0.01 seconds
      cpu time            0.01 seconds
      

21481      proc sort data=WORK.MAP;
MPRINT(EM_DIAGRAM):   proc sort data=WORK.MAP;
21482      by Effect;
MPRINT(EM_DIAGRAM):   by Effect;
21483      run;
MPRINT(EM_DIAGRAM):   run;

NOTE: There were 165 observations read from the data set WORK.MAP.
NOTE: The data set WORK.MAP has 165 observations and 4 variables.
NOTE: PROCEDURE SORT used (Total process time):
      real time           0.01 seconds
      cpu time            0.01 seconds
      

21484      proc sort data=WORK.ESTIMATE;
MPRINT(EM_DIAGRAM):   proc sort data=WORK.ESTIMATE;
21485      by Effect;
MPRINT(EM_DIAGRAM):   by Effect;
21486      run;
MPRINT(EM_DIAGRAM):   run;

NOTE: There were 166 observations read from the data set WORK.ESTIMATE.
NOTE: The data set WORK.ESTIMATE has 166 observations and 5 variables.
NOTE: PROCEDURE SORT used (Total process time):
      real time           0.01 seconds
      cpu time            0.01 seconds
      

21487      data EMWS1.Reg_EFFECTS(rename=(_LABEL_=EffectLabel));
MPRINT(EM_DIAGRAM):   data EMWS1.Reg_EFFECTS(rename=(_LABEL_=EffectLabel));
21488      length Variable ClassLevel $32;
MPRINT(EM_DIAGRAM):   length Variable ClassLevel $32;
21489      merge WORK.ESTIMATE WORK.MAP;
MPRINT(EM_DIAGRAM):   merge WORK.ESTIMATE WORK.MAP;
21490      by Effect;
MPRINT(EM_DIAGRAM):   by Effect;
21491      label Effect = "%sysfunc(sasmsg(sashelp.dmine, rpt_effect_vlabel, NOQUOTE))" Variable = "%sysfunc(sasmsg(sashelp.dmine, rpt_variable_vlabel, NOQUOTE))" Sign = "%sysfunc(sasmsg(sashelp.dmine, rpt_sign_vlabel, NOQUOTE))" ClassLevel =
21492         "%sysfunc(sasmsg(sashelp.dmine, rpt_level_vlabel, NOQUOTE))" Abscoefficient = "%sysfunc(sasmsg(sashelp.dmine, rpt_abscoefficient_vlabel, NOQUOTE))" Coefficient = "%sysfunc(sasmsg(sashelp.dmine, rpt_coefficient_vlabel, NOQUOTE))" _LABEL_ =
21493         "%sysfunc(sasmsg(sashelp.dmine, rpt_effectLabel_vlabel, NOQUOTE))" CODE = "%sysfunc(sasmsg(sashelp.dmine, rpt_scorecodevar_vlabel, NOQUOTE))";
MPRINT(EM_DIAGRAM):   label Effect = "Effect" Variable = "Variable" Sign = "Sign" ClassLevel = "Level" Abscoefficient = "Absolute Coefficient" Coefficient = "Coefficient" _LABEL_ = "Effect Label" CODE = "Score Code Variable";
21494      label tvalue = "%sysfunc(sasmsg(sashelp.dmine, rpt_tvalue_vlabel,         NOQUOTE))" abstvalue = "%sysfunc(sasmsg(sashelp.dmine, rpt_absoluteTvalue_vlabel, NOQUOTE))" PValue = "%sysfunc(sasmsg(sashelp.dmine, rpt_pvalue_vlabel,         NOQUOTE))"
21494    ! ;
MPRINT(EM_DIAGRAM):   label tvalue = "T-value" abstvalue = "Absolute T-value" PValue = "P Value";
21495      abstvalue = abs(tValue);
MPRINT(EM_DIAGRAM):   abstvalue = abs(tValue);
21496      if index(Effect, 'Intercept') then do;
MPRINT(EM_DIAGRAM):   if index(Effect, 'Intercept') then do;
21497      variable = 'Intercept';
MPRINT(EM_DIAGRAM):   variable = 'Intercept';
21498      classLevel = scan(_LABEL_, 2, '=');
MPRINT(EM_DIAGRAM):   classLevel = scan(_LABEL_, 2, '=');
21499      end;
MPRINT(EM_DIAGRAM):   end;
21500      if ^indexc(variable, '*') then do;
MPRINT(EM_DIAGRAM):   if ^indexc(variable, '*') then do;
21501      if length(effect)>length(variable) then classlevel = substr(Effect, length(variable)+1);
MPRINT(EM_DIAGRAM):   if length(effect)>length(variable) then classlevel = substr(Effect, length(variable)+1);
21502      end;
MPRINT(EM_DIAGRAM):   end;
21503      if Effect eq '' then Effect = Variable;
MPRINT(EM_DIAGRAM):   if Effect eq '' then Effect = Variable;
21504      if coefficient < 0 then sign = '-';
MPRINT(EM_DIAGRAM):   if coefficient < 0 then sign = '-';
21505      else sign = '+';
MPRINT(EM_DIAGRAM):   else sign = '+';
21506      abscoefficient = abs(coefficient);
MPRINT(EM_DIAGRAM):   abscoefficient = abs(coefficient);
21507      if _LABEL_ = '' then _LABEL_ = Effect;
MPRINT(EM_DIAGRAM):   if _LABEL_ = '' then _LABEL_ = Effect;
21508      if coefficient ne . then output;
MPRINT(EM_DIAGRAM):   if coefficient ne . then output;
21509      run;
MPRINT(EM_DIAGRAM):   run;

NOTE: Missing values were generated as a result of performing an operation on missing values.
      Each place is given by: (Number of times) at (Line):(Column).
      160 at 21495:13   160 at 21506:18   
NOTE: There were 166 observations read from the data set WORK.ESTIMATE.
NOTE: There were 165 observations read from the data set WORK.MAP.
NOTE: The data set EMWS1.REG_EFFECTS has 6 observations and 11 variables.
NOTE: DATA statement used (Total process time):
      real time           0.10 seconds
      cpu time            0.06 seconds
      

21510      proc sort data =EMWS1.Reg_EFFECTS;
MPRINT(EM_DIAGRAM):    proc sort data =EMWS1.Reg_EFFECTS;
21511      by
21512      descending abstvalue;
MPRINT(EM_DIAGRAM):   by descending abstvalue;
21513      run;
MPRINT(EM_DIAGRAM):   run;

NOTE: There were 6 observations read from the data set EMWS1.REG_EFFECTS.
NOTE: The data set EMWS1.REG_EFFECTS has 6 observations and 11 variables.
NOTE: PROCEDURE SORT used (Total process time):
      real time           0.03 seconds
      cpu time            0.01 seconds
      

21514      data EMWS1.Reg_EFFECTS;
MPRINT(EM_DIAGRAM):   data EMWS1.Reg_EFFECTS;
21515      set EMWS1.Reg_EFFECTS;
MPRINT(EM_DIAGRAM):   set EMWS1.Reg_EFFECTS;
21516      format TEffectNum 3.;
MPRINT(EM_DIAGRAM):   format TEffectNum 3.;
21517      label TEffectNum = "%sysfunc(sasmsg(sashelp.dmine, rpt_teffectnum_vlabel, NOQUOTE))";
MPRINT(EM_DIAGRAM):   label TEffectNum = "TScore Number";
21518      retain TEffectNum;
MPRINT(EM_DIAGRAM):   retain TEffectNum;
21519      TEffectNum = _N_;
MPRINT(EM_DIAGRAM):   TEffectNum = _N_;
21520      run;
MPRINT(EM_DIAGRAM):   run;

NOTE: There were 6 observations read from the data set EMWS1.REG_EFFECTS.
NOTE: The data set EMWS1.REG_EFFECTS has 6 observations and 12 variables.
NOTE: DATA statement used (Total process time):
      real time           0.03 seconds
      cpu time            0.03 seconds
      

21521      proc sort data =EMWS1.Reg_EFFECTS;
MPRINT(EM_DIAGRAM):    proc sort data =EMWS1.Reg_EFFECTS;
21522      by
21523      descending absCoefficient;
MPRINT(EM_DIAGRAM):   by descending absCoefficient;
21524      run;
MPRINT(EM_DIAGRAM):   run;

NOTE: There were 6 observations read from the data set EMWS1.REG_EFFECTS.
NOTE: The data set EMWS1.REG_EFFECTS has 6 observations and 12 variables.
NOTE: PROCEDURE SORT used (Total process time):
      real time           0.03 seconds
      cpu time            0.03 seconds
      

21525      data EMWS1.Reg_EFFECTS;
MPRINT(EM_DIAGRAM):   data EMWS1.Reg_EFFECTS;
21526      set EMWS1.Reg_EFFECTS;
MPRINT(EM_DIAGRAM):   set EMWS1.Reg_EFFECTS;
21527      format EffectNum 3.;
MPRINT(EM_DIAGRAM):   format EffectNum 3.;
21528      label EffectNum = "%sysfunc(sasmsg(sashelp.dmine, rpt_effectnum_vlabel, NOQUOTE))";
MPRINT(EM_DIAGRAM):   label EffectNum = "Effect Number";
21529      retain EffectNum;
MPRINT(EM_DIAGRAM):   retain EffectNum;
21530      EffectNum = _N_;
MPRINT(EM_DIAGRAM):   EffectNum = _N_;
21531      run;
MPRINT(EM_DIAGRAM):   run;

NOTE: There were 6 observations read from the data set EMWS1.REG_EFFECTS.
NOTE: The data set EMWS1.REG_EFFECTS has 6 observations and 13 variables.
NOTE: DATA statement used (Total process time):
      real time           0.03 seconds
      cpu time            0.01 seconds
      

21532      proc transpose data=EMWS1.Reg_EMESTIMATE out=EMWS1.Reg_ESTIMATEGRID(rename=(PARMS=Coefficient T=TValue _NAME_=Effect _LABEL_=EffectLabel));
MPRINT(EM_DIAGRAM):    proc transpose data=EMWS1.Reg_EMESTIMATE out=EMWS1.Reg_ESTIMATEGRID(rename=(PARMS=Coefficient T=TValue _NAME_=Effect _LABEL_=EffectLabel));
21533      where _CHOSEN_ eq '' and _TYPE_ in('PARMS', 'T', 'P');
MPRINT(EM_DIAGRAM):   where _CHOSEN_ eq '' and _TYPE_ in('PARMS', 'T', 'P');
21534      var 'CARD_PROM_120'n--'REP_DONOR_GENDERU'n;
MPRINT(EM_DIAGRAM):   var 'CARD_PROM_120'n--'REP_DONOR_GENDERU'n;
21535      by _STEP_;
MPRINT(EM_DIAGRAM):   by _STEP_;
21536      id _TYPE_;
MPRINT(EM_DIAGRAM):   id _TYPE_;
21537      run;
MPRINT(EM_DIAGRAM):   run;

NOTE: There were 39 observations read from the data set EMWS1.REG_EMESTIMATE.
      WHERE (_CHOSEN_=' ') and _TYPE_ in ('P', 'PARMS', 'T');
NOTE: The data set EMWS1.REG_ESTIMATEGRID has 2145 observations and 6 variables.
NOTE: PROCEDURE TRANSPOSE used (Total process time):
      real time           0.04 seconds
      cpu time            0.03 seconds
      

21538      data EMWS1.Reg_ESTIMATEGRID;
MPRINT(EM_DIAGRAM):    data EMWS1.Reg_ESTIMATEGRID;
21539      set EMWS1.Reg_ESTIMATEGRID;
MPRINT(EM_DIAGRAM):   set EMWS1.Reg_ESTIMATEGRID;
21540      if EffectLabel eq '' then EffectLabel = Effect;
MPRINT(EM_DIAGRAM):   if EffectLabel eq '' then EffectLabel = Effect;
21541      label EffectLabel = "%sysfunc(sasmsg(sashelp.dmine, rpt_effectLabel_vlabel, NOQUOTE))" Effect = "%sysfunc(sasmsg(sashelp.dmine, rpt_effect_vlabel, NOQUOTE))" Abscoefficient = "%sysfunc(sasmsg(sashelp.dmine, rpt_abscoefficient_vlabel, NOQUOTE))"
21542         Coefficient = "%sysfunc(sasmsg(sashelp.dmine, rpt_coefficient_vlabel, NOQUOTE))" tvalue = "%sysfunc(sasmsg(sashelp.dmine, rpt_tvalue_vlabel,         NOQUOTE))" abstvalue = "%sysfunc(sasmsg(sashelp.dmine, rpt_absoluteTvalue_vlabel, NOQUOTE))"
21542    ! PValue =
21543         "%sysfunc(sasmsg(sashelp.dmine, rpt_pvalue_vlabel,         NOQUOTE))";
MPRINT(EM_DIAGRAM):   label EffectLabel = "Effect Label" Effect = "Effect" Abscoefficient = "Absolute Coefficient" Coefficient = "Coefficient" tvalue = "T-value" abstvalue = "Absolute T-value" PValue = "P Value";
21544      AbsCoefficient = abs(Coefficient);
MPRINT(EM_DIAGRAM):   AbsCoefficient = abs(Coefficient);
21545      AbsTValue = abs(TValue);
MPRINT(EM_DIAGRAM):   AbsTValue = abs(TValue);
21546      where coefficient ne .;
MPRINT(EM_DIAGRAM):   where coefficient ne .;
21547      run;
MPRINT(EM_DIAGRAM):   run;

NOTE: Variable PValue is uninitialized.
NOTE: There were 290 observations read from the data set EMWS1.REG_ESTIMATEGRID.
      WHERE coefficient not = .;
NOTE: The data set EMWS1.REG_ESTIMATEGRID has 290 observations and 8 variables.
NOTE: DATA statement used (Total process time):
      real time           0.07 seconds
      cpu time            0.07 seconds
      

MPRINT(EM_DIAGRAM):    proc printto;
MPRINT(EM_DIAGRAM):   run;
